ERROR - 2025-08-18 21:19:23 --> mysqli_sql_exception: Duplicate entry '0' for key 'PRIMARY' in C:\xampp\htdocs\paulisexto\paginaceliypau\system\Database\MySQLi\Connection.php:327
Stack trace:
#0 C:\xampp\htdocs\paulisexto\paginaceliypau\system\Database\MySQLi\Connection.php(327): mysqli->query('INSERT INTO `us...', 0)
#1 C:\xampp\htdocs\paulisexto\paginaceliypau\system\Database\BaseConnection.php(729): CodeIgniter\Database\MySQLi\Connection->execute('INSERT INTO `us...')
#2 C:\xampp\htdocs\paulisexto\paginaceliypau\system\Database\BaseConnection.php(646): CodeIgniter\Database\BaseConnection->simpleQuery('INSERT INTO `us...')
#3 C:\xampp\htdocs\paulisexto\paginaceliypau\system\Database\BaseBuilder.php(2345): CodeIgniter\Database\BaseConnection->query('INSERT INTO `us...', Array, false)
#4 C:\xampp\htdocs\paulisexto\paginaceliypau\system\Model.php(394): CodeIgniter\Database\BaseBuilder->insert()
#5 C:\xampp\htdocs\paulisexto\paginaceliypau\system\BaseModel.php(838): CodeIgniter\Model->doInsert(Array)
#6 C:\xampp\htdocs\paulisexto\paginaceliypau\system\Model.php(797): CodeIgniter\BaseModel->insert(Array, true)
#7 C:\xampp\htdocs\paulisexto\paginaceliypau\app\Controllers\usuario.php(16): CodeIgniter\Model->insert(Array)
#8 C:\xampp\htdocs\paulisexto\paginaceliypau\system\CodeIgniter.php(933): App\Controllers\usuario->registro()
#9 C:\xampp\htdocs\paulisexto\paginaceliypau\system\CodeIgniter.php(507): CodeIgniter\CodeIgniter->runController(Object(App\Controllers\usuario))
#10 C:\xampp\htdocs\paulisexto\paginaceliypau\system\CodeIgniter.php(354): CodeIgniter\CodeIgniter->handleRequest(NULL, Object(Config\Cache), false)
#11 C:\xampp\htdocs\paulisexto\paginaceliypau\system\Boot.php(363): CodeIgniter\CodeIgniter->run()
#12 C:\xampp\htdocs\paulisexto\paginaceliypau\system\Boot.php(68): CodeIgniter\Boot::runCodeIgniter(Object(CodeIgniter\CodeIgniter))
#13 C:\xampp\htdocs\paulisexto\paginaceliypau\public\index.php(59): CodeIgniter\Boot::bootWeb(Object(Config\Paths))
#14 {main}
ERROR - 2025-08-18 21:26:37 --> mysqli_sql_exception: Duplicate entry '0' for key 'PRIMARY' in C:\xampp\htdocs\paulisexto\paginaceliypau\system\Database\MySQLi\Connection.php:327
Stack trace:
#0 C:\xampp\htdocs\paulisexto\paginaceliypau\system\Database\MySQLi\Connection.php(327): mysqli->query('INSERT INTO `us...', 0)
#1 C:\xampp\htdocs\paulisexto\paginaceliypau\system\Database\BaseConnection.php(729): CodeIgniter\Database\MySQLi\Connection->execute('INSERT INTO `us...')
#2 C:\xampp\htdocs\paulisexto\paginaceliypau\system\Database\BaseConnection.php(646): CodeIgniter\Database\BaseConnection->simpleQuery('INSERT INTO `us...')
#3 C:\xampp\htdocs\paulisexto\paginaceliypau\system\Database\BaseBuilder.php(2345): CodeIgniter\Database\BaseConnection->query('INSERT INTO `us...', Array, false)
#4 C:\xampp\htdocs\paulisexto\paginaceliypau\system\Model.php(394): CodeIgniter\Database\BaseBuilder->insert()
#5 C:\xampp\htdocs\paulisexto\paginaceliypau\system\BaseModel.php(838): CodeIgniter\Model->doInsert(Array)
#6 C:\xampp\htdocs\paulisexto\paginaceliypau\system\Model.php(797): CodeIgniter\BaseModel->insert(Array, true)
#7 C:\xampp\htdocs\paulisexto\paginaceliypau\app\Controllers\usuario.php(16): CodeIgniter\Model->insert(Array)
#8 C:\xampp\htdocs\paulisexto\paginaceliypau\system\CodeIgniter.php(933): App\Controllers\usuario->registro()
#9 C:\xampp\htdocs\paulisexto\paginaceliypau\system\CodeIgniter.php(507): CodeIgniter\CodeIgniter->runController(Object(App\Controllers\usuario))
#10 C:\xampp\htdocs\paulisexto\paginaceliypau\system\CodeIgniter.php(354): CodeIgniter\CodeIgniter->handleRequest(NULL, Object(Config\Cache), false)
#11 C:\xampp\htdocs\paulisexto\paginaceliypau\system\Boot.php(363): CodeIgniter\CodeIgniter->run()
#12 C:\xampp\htdocs\paulisexto\paginaceliypau\system\Boot.php(68): CodeIgniter\Boot::runCodeIgniter(Object(CodeIgniter\CodeIgniter))
#13 C:\xampp\htdocs\paulisexto\paginaceliypau\public\index.php(59): CodeIgniter\Boot::bootWeb(Object(Config\Paths))
#14 {main}
ERROR - 2025-08-18 21:29:52 --> mysqli_sql_exception: Duplicate entry '0' for key 'PRIMARY' in C:\xampp\htdocs\paulisexto\paginaceliypau\system\Database\MySQLi\Connection.php:327
Stack trace:
#0 C:\xampp\htdocs\paulisexto\paginaceliypau\system\Database\MySQLi\Connection.php(327): mysqli->query('INSERT INTO `us...', 0)
#1 C:\xampp\htdocs\paulisexto\paginaceliypau\system\Database\BaseConnection.php(729): CodeIgniter\Database\MySQLi\Connection->execute('INSERT INTO `us...')
#2 C:\xampp\htdocs\paulisexto\paginaceliypau\system\Database\BaseConnection.php(646): CodeIgniter\Database\BaseConnection->simpleQuery('INSERT INTO `us...')
#3 C:\xampp\htdocs\paulisexto\paginaceliypau\system\Database\BaseBuilder.php(2345): CodeIgniter\Database\BaseConnection->query('INSERT INTO `us...', Array, false)
#4 C:\xampp\htdocs\paulisexto\paginaceliypau\system\Model.php(394): CodeIgniter\Database\BaseBuilder->insert()
#5 C:\xampp\htdocs\paulisexto\paginaceliypau\system\BaseModel.php(838): CodeIgniter\Model->doInsert(Array)
#6 C:\xampp\htdocs\paulisexto\paginaceliypau\system\Model.php(797): CodeIgniter\BaseModel->insert(Array, true)
#7 C:\xampp\htdocs\paulisexto\paginaceliypau\app\Models\usuariomodel.php(15): CodeIgniter\Model->insert(Array)
#8 C:\xampp\htdocs\paulisexto\paginaceliypau\app\Controllers\usuario.php(16): App\Models\usuariomodel->insertarDatos(Array)
#9 C:\xampp\htdocs\paulisexto\paginaceliypau\system\CodeIgniter.php(933): App\Controllers\usuario->registro()
#10 C:\xampp\htdocs\paulisexto\paginaceliypau\system\CodeIgniter.php(507): CodeIgniter\CodeIgniter->runController(Object(App\Controllers\usuario))
#11 C:\xampp\htdocs\paulisexto\paginaceliypau\system\CodeIgniter.php(354): CodeIgniter\CodeIgniter->handleRequest(NULL, Object(Config\Cache), false)
#12 C:\xampp\htdocs\paulisexto\paginaceliypau\system\Boot.php(363): CodeIgniter\CodeIgniter->run()
#13 C:\xampp\htdocs\paulisexto\paginaceliypau\system\Boot.php(68): CodeIgniter\Boot::runCodeIgniter(Object(CodeIgniter\CodeIgniter))
#14 C:\xampp\htdocs\paulisexto\paginaceliypau\public\index.php(59): CodeIgniter\Boot::bootWeb(Object(Config\Paths))
#15 {main}
ERROR - 2025-08-18 21:31:52 --> mysqli_sql_exception: Duplicate entry '0' for key 'PRIMARY' in C:\xampp\htdocs\paulisexto\paginaceliypau\system\Database\MySQLi\Connection.php:327
Stack trace:
#0 C:\xampp\htdocs\paulisexto\paginaceliypau\system\Database\MySQLi\Connection.php(327): mysqli->query('INSERT INTO `us...', 0)
#1 C:\xampp\htdocs\paulisexto\paginaceliypau\system\Database\BaseConnection.php(729): CodeIgniter\Database\MySQLi\Connection->execute('INSERT INTO `us...')
#2 C:\xampp\htdocs\paulisexto\paginaceliypau\system\Database\BaseConnection.php(646): CodeIgniter\Database\BaseConnection->simpleQuery('INSERT INTO `us...')
#3 C:\xampp\htdocs\paulisexto\paginaceliypau\system\Database\BaseBuilder.php(2345): CodeIgniter\Database\BaseConnection->query('INSERT INTO `us...', Array, false)
#4 C:\xampp\htdocs\paulisexto\paginaceliypau\system\Model.php(394): CodeIgniter\Database\BaseBuilder->insert()
#5 C:\xampp\htdocs\paulisexto\paginaceliypau\system\BaseModel.php(838): CodeIgniter\Model->doInsert(Array)
#6 C:\xampp\htdocs\paulisexto\paginaceliypau\system\Model.php(797): CodeIgniter\BaseModel->insert(Array, true)
#7 C:\xampp\htdocs\paulisexto\paginaceliypau\app\Models\usuariomodel.php(15): CodeIgniter\Model->insert(Array)
#8 C:\xampp\htdocs\paulisexto\paginaceliypau\app\Controllers\usuario.php(16): App\Models\usuariomodel->insertarDatos(Array)
#9 C:\xampp\htdocs\paulisexto\paginaceliypau\system\CodeIgniter.php(933): App\Controllers\usuario->registro()
#10 C:\xampp\htdocs\paulisexto\paginaceliypau\system\CodeIgniter.php(507): CodeIgniter\CodeIgniter->runController(Object(App\Controllers\usuario))
#11 C:\xampp\htdocs\paulisexto\paginaceliypau\system\CodeIgniter.php(354): CodeIgniter\CodeIgniter->handleRequest(NULL, Object(Config\Cache), false)
#12 C:\xampp\htdocs\paulisexto\paginaceliypau\system\Boot.php(363): CodeIgniter\CodeIgniter->run()
#13 C:\xampp\htdocs\paulisexto\paginaceliypau\system\Boot.php(68): CodeIgniter\Boot::runCodeIgniter(Object(CodeIgniter\CodeIgniter))
#14 C:\xampp\htdocs\paulisexto\paginaceliypau\public\index.php(59): CodeIgniter\Boot::bootWeb(Object(Config\Paths))
#15 {main}
ERROR - 2025-08-18 21:33:29 --> mysqli_sql_exception: Duplicate entry '0' for key 'PRIMARY' in C:\xampp\htdocs\paulisexto\paginaceliypau\system\Database\MySQLi\Connection.php:327
Stack trace:
#0 C:\xampp\htdocs\paulisexto\paginaceliypau\system\Database\MySQLi\Connection.php(327): mysqli->query('INSERT INTO `us...', 0)
#1 C:\xampp\htdocs\paulisexto\paginaceliypau\system\Database\BaseConnection.php(729): CodeIgniter\Database\MySQLi\Connection->execute('INSERT INTO `us...')
#2 C:\xampp\htdocs\paulisexto\paginaceliypau\system\Database\BaseConnection.php(646): CodeIgniter\Database\BaseConnection->simpleQuery('INSERT INTO `us...')
#3 C:\xampp\htdocs\paulisexto\paginaceliypau\system\Database\BaseBuilder.php(2345): CodeIgniter\Database\BaseConnection->query('INSERT INTO `us...', Array, false)
#4 C:\xampp\htdocs\paulisexto\paginaceliypau\system\Model.php(394): CodeIgniter\Database\BaseBuilder->insert()
#5 C:\xampp\htdocs\paulisexto\paginaceliypau\system\BaseModel.php(838): CodeIgniter\Model->doInsert(Array)
#6 C:\xampp\htdocs\paulisexto\paginaceliypau\system\Model.php(797): CodeIgniter\BaseModel->insert(Array, true)
#7 C:\xampp\htdocs\paulisexto\paginaceliypau\app\Models\usuariomodel.php(15): CodeIgniter\Model->insert(Array)
#8 C:\xampp\htdocs\paulisexto\paginaceliypau\app\Controllers\usuario.php(16): App\Models\usuariomodel->insertarDatos(Array)
#9 C:\xampp\htdocs\paulisexto\paginaceliypau\system\CodeIgniter.php(933): App\Controllers\usuario->registro()
#10 C:\xampp\htdocs\paulisexto\paginaceliypau\system\CodeIgniter.php(507): CodeIgniter\CodeIgniter->runController(Object(App\Controllers\usuario))
#11 C:\xampp\htdocs\paulisexto\paginaceliypau\system\CodeIgniter.php(354): CodeIgniter\CodeIgniter->handleRequest(NULL, Object(Config\Cache), false)
#12 C:\xampp\htdocs\paulisexto\paginaceliypau\system\Boot.php(363): CodeIgniter\CodeIgniter->run()
#13 C:\xampp\htdocs\paulisexto\paginaceliypau\system\Boot.php(68): CodeIgniter\Boot::runCodeIgniter(Object(CodeIgniter\CodeIgniter))
#14 C:\xampp\htdocs\paulisexto\paginaceliypau\public\index.php(59): CodeIgniter\Boot::bootWeb(Object(Config\Paths))
#15 {main}
ERROR - 2025-08-18 21:34:04 --> mysqli_sql_exception: Duplicate entry '0' for key 'PRIMARY' in C:\xampp\htdocs\paulisexto\paginaceliypau\system\Database\MySQLi\Connection.php:327
Stack trace:
#0 C:\xampp\htdocs\paulisexto\paginaceliypau\system\Database\MySQLi\Connection.php(327): mysqli->query('INSERT INTO `us...', 0)
#1 C:\xampp\htdocs\paulisexto\paginaceliypau\system\Database\BaseConnection.php(729): CodeIgniter\Database\MySQLi\Connection->execute('INSERT INTO `us...')
#2 C:\xampp\htdocs\paulisexto\paginaceliypau\system\Database\BaseConnection.php(646): CodeIgniter\Database\BaseConnection->simpleQuery('INSERT INTO `us...')
#3 C:\xampp\htdocs\paulisexto\paginaceliypau\system\Database\BaseBuilder.php(2345): CodeIgniter\Database\BaseConnection->query('INSERT INTO `us...', Array, false)
#4 C:\xampp\htdocs\paulisexto\paginaceliypau\system\Model.php(394): CodeIgniter\Database\BaseBuilder->insert()
#5 C:\xampp\htdocs\paulisexto\paginaceliypau\system\BaseModel.php(838): CodeIgniter\Model->doInsert(Array)
#6 C:\xampp\htdocs\paulisexto\paginaceliypau\system\Model.php(797): CodeIgniter\BaseModel->insert(Array, true)
#7 C:\xampp\htdocs\paulisexto\paginaceliypau\app\Models\usuariomodel.php(15): CodeIgniter\Model->insert(Array)
#8 C:\xampp\htdocs\paulisexto\paginaceliypau\app\Controllers\usuario.php(16): App\Models\usuariomodel->insertarDatos(Array)
#9 C:\xampp\htdocs\paulisexto\paginaceliypau\system\CodeIgniter.php(933): App\Controllers\usuario->registro()
#10 C:\xampp\htdocs\paulisexto\paginaceliypau\system\CodeIgniter.php(507): CodeIgniter\CodeIgniter->runController(Object(App\Controllers\usuario))
#11 C:\xampp\htdocs\paulisexto\paginaceliypau\system\CodeIgniter.php(354): CodeIgniter\CodeIgniter->handleRequest(NULL, Object(Config\Cache), false)
#12 C:\xampp\htdocs\paulisexto\paginaceliypau\system\Boot.php(363): CodeIgniter\CodeIgniter->run()
#13 C:\xampp\htdocs\paulisexto\paginaceliypau\system\Boot.php(68): CodeIgniter\Boot::runCodeIgniter(Object(CodeIgniter\CodeIgniter))
#14 C:\xampp\htdocs\paulisexto\paginaceliypau\public\index.php(59): CodeIgniter\Boot::bootWeb(Object(Config\Paths))
#15 {main}
ERROR - 2025-08-18 21:35:09 --> mysqli_sql_exception: Duplicate entry '0' for key 'PRIMARY' in C:\xampp\htdocs\paulisexto\paginaceliypau\system\Database\MySQLi\Connection.php:327
Stack trace:
#0 C:\xampp\htdocs\paulisexto\paginaceliypau\system\Database\MySQLi\Connection.php(327): mysqli->query('INSERT INTO `us...', 0)
#1 C:\xampp\htdocs\paulisexto\paginaceliypau\system\Database\BaseConnection.php(729): CodeIgniter\Database\MySQLi\Connection->execute('INSERT INTO `us...')
#2 C:\xampp\htdocs\paulisexto\paginaceliypau\system\Database\BaseConnection.php(646): CodeIgniter\Database\BaseConnection->simpleQuery('INSERT INTO `us...')
#3 C:\xampp\htdocs\paulisexto\paginaceliypau\system\Database\BaseBuilder.php(2345): CodeIgniter\Database\BaseConnection->query('INSERT INTO `us...', Array, false)
#4 C:\xampp\htdocs\paulisexto\paginaceliypau\system\Model.php(394): CodeIgniter\Database\BaseBuilder->insert()
#5 C:\xampp\htdocs\paulisexto\paginaceliypau\system\BaseModel.php(838): CodeIgniter\Model->doInsert(Array)
#6 C:\xampp\htdocs\paulisexto\paginaceliypau\system\Model.php(797): CodeIgniter\BaseModel->insert(Array, true)
#7 C:\xampp\htdocs\paulisexto\paginaceliypau\app\Models\usuariomodel.php(15): CodeIgniter\Model->insert(Array)
#8 C:\xampp\htdocs\paulisexto\paginaceliypau\app\Controllers\usuario.php(16): App\Models\usuariomodel->insertarDatos(Array)
#9 C:\xampp\htdocs\paulisexto\paginaceliypau\system\CodeIgniter.php(933): App\Controllers\usuario->registro()
#10 C:\xampp\htdocs\paulisexto\paginaceliypau\system\CodeIgniter.php(507): CodeIgniter\CodeIgniter->runController(Object(App\Controllers\usuario))
#11 C:\xampp\htdocs\paulisexto\paginaceliypau\system\CodeIgniter.php(354): CodeIgniter\CodeIgniter->handleRequest(NULL, Object(Config\Cache), false)
#12 C:\xampp\htdocs\paulisexto\paginaceliypau\system\Boot.php(363): CodeIgniter\CodeIgniter->run()
#13 C:\xampp\htdocs\paulisexto\paginaceliypau\system\Boot.php(68): CodeIgniter\Boot::runCodeIgniter(Object(CodeIgniter\CodeIgniter))
#14 C:\xampp\htdocs\paulisexto\paginaceliypau\public\index.php(59): CodeIgniter\Boot::bootWeb(Object(Config\Paths))
#15 {main}
