CRITICAL - 2025-08-22 22:40:23 --> ErrorException: Undefined variable $clave
[Method: POST, Route: registro/guardar]
in APPPATH\Controllers\usuario.php on line 14.
 1 APPPATH\Controllers\usuario.php(14): CodeIgniter\Debug\Exceptions->errorHandler(2, 'Undefined variable $clave', 'C:\\xampp\\htdocs\\turismoya\\app\\Controllers\\usuario.php', 14)
 2 SYSTEMPATH\CodeIgniter.php(933): App\Controllers\usuario->registro()
 3 SYSTEMPATH\CodeIgniter.php(507): CodeIgniter\CodeIgniter->runController(Object(App\Controllers\usuario))
 4 SYSTEMPATH\CodeIgniter.php(354): CodeIgniter\CodeIgniter->handleRequest(null, Object(Config\Cache), false)
 5 SYSTEMPATH\Boot.php(363): CodeIgniter\CodeIgniter->run()
 6 SYSTEMPATH\Boot.php(68): CodeIgniter\Boot::runCodeIgniter(Object(CodeIgniter\CodeIgniter))
 7 FCPATH\index.php(59): CodeIgniter\Boot::bootWeb(Object(Config\Paths))
CRITICAL - 2025-08-22 22:42:00 --> ErrorException: Undefined variable $clave
[Method: POST, Route: registro/guardar]
in APPPATH\Controllers\usuario.php on line 15.
 1 APPPATH\Controllers\usuario.php(15): CodeIgniter\Debug\Exceptions->errorHandler(2, 'Undefined variable $clave', 'C:\\xampp\\htdocs\\turismoya\\app\\Controllers\\usuario.php', 15)
 2 SYSTEMPATH\CodeIgniter.php(933): App\Controllers\usuario->registro()
 3 SYSTEMPATH\CodeIgniter.php(507): CodeIgniter\CodeIgniter->runController(Object(App\Controllers\usuario))
 4 SYSTEMPATH\CodeIgniter.php(354): CodeIgniter\CodeIgniter->handleRequest(null, Object(Config\Cache), false)
 5 SYSTEMPATH\Boot.php(363): CodeIgniter\CodeIgniter->run()
 6 SYSTEMPATH\Boot.php(68): CodeIgniter\Boot::runCodeIgniter(Object(CodeIgniter\CodeIgniter))
 7 FCPATH\index.php(59): CodeIgniter\Boot::bootWeb(Object(Config\Paths))
CRITICAL - 2025-08-22 22:42:37 --> ErrorException: Undefined variable $clave
[Method: POST, Route: registro/guardar]
in APPPATH\Controllers\usuario.php on line 14.
 1 APPPATH\Controllers\usuario.php(14): CodeIgniter\Debug\Exceptions->errorHandler(2, 'Undefined variable $clave', 'C:\\xampp\\htdocs\\turismoya\\app\\Controllers\\usuario.php', 14)
 2 SYSTEMPATH\CodeIgniter.php(933): App\Controllers\usuario->registro()
 3 SYSTEMPATH\CodeIgniter.php(507): CodeIgniter\CodeIgniter->runController(Object(App\Controllers\usuario))
 4 SYSTEMPATH\CodeIgniter.php(354): CodeIgniter\CodeIgniter->handleRequest(null, Object(Config\Cache), false)
 5 SYSTEMPATH\Boot.php(363): CodeIgniter\CodeIgniter->run()
 6 SYSTEMPATH\Boot.php(68): CodeIgniter\Boot::runCodeIgniter(Object(CodeIgniter\CodeIgniter))
 7 FCPATH\index.php(59): CodeIgniter\Boot::bootWeb(Object(Config\Paths))
CRITICAL - 2025-08-22 22:42:57 --> ErrorException: Undefined variable $clave
[Method: POST, Route: registro/guardar]
in APPPATH\Controllers\usuario.php on line 14.
 1 APPPATH\Controllers\usuario.php(14): CodeIgniter\Debug\Exceptions->errorHandler(2, 'Undefined variable $clave', 'C:\\xampp\\htdocs\\turismoya\\app\\Controllers\\usuario.php', 14)
 2 SYSTEMPATH\CodeIgniter.php(933): App\Controllers\usuario->registro()
 3 SYSTEMPATH\CodeIgniter.php(507): CodeIgniter\CodeIgniter->runController(Object(App\Controllers\usuario))
 4 SYSTEMPATH\CodeIgniter.php(354): CodeIgniter\CodeIgniter->handleRequest(null, Object(Config\Cache), false)
 5 SYSTEMPATH\Boot.php(363): CodeIgniter\CodeIgniter->run()
 6 SYSTEMPATH\Boot.php(68): CodeIgniter\Boot::runCodeIgniter(Object(CodeIgniter\CodeIgniter))
 7 FCPATH\index.php(59): CodeIgniter\Boot::bootWeb(Object(Config\Paths))
CRITICAL - 2025-08-22 22:43:07 --> ErrorException: Undefined variable $clave
[Method: POST, Route: registro/guardar]
in APPPATH\Controllers\usuario.php on line 14.
 1 APPPATH\Controllers\usuario.php(14): CodeIgniter\Debug\Exceptions->errorHandler(2, 'Undefined variable $clave', 'C:\\xampp\\htdocs\\turismoya\\app\\Controllers\\usuario.php', 14)
 2 SYSTEMPATH\CodeIgniter.php(933): App\Controllers\usuario->registro()
 3 SYSTEMPATH\CodeIgniter.php(507): CodeIgniter\CodeIgniter->runController(Object(App\Controllers\usuario))
 4 SYSTEMPATH\CodeIgniter.php(354): CodeIgniter\CodeIgniter->handleRequest(null, Object(Config\Cache), false)
 5 SYSTEMPATH\Boot.php(363): CodeIgniter\CodeIgniter->run()
 6 SYSTEMPATH\Boot.php(68): CodeIgniter\Boot::runCodeIgniter(Object(CodeIgniter\CodeIgniter))
 7 FCPATH\index.php(59): CodeIgniter\Boot::bootWeb(Object(Config\Paths))
CRITICAL - 2025-08-22 22:43:48 --> ErrorException: Undefined variable $clave
[Method: POST, Route: registro/guardar]
in APPPATH\Controllers\usuario.php on line 14.
 1 APPPATH\Controllers\usuario.php(14): CodeIgniter\Debug\Exceptions->errorHandler(2, 'Undefined variable $clave', 'C:\\xampp\\htdocs\\turismoya\\app\\Controllers\\usuario.php', 14)
 2 SYSTEMPATH\CodeIgniter.php(933): App\Controllers\usuario->registro()
 3 SYSTEMPATH\CodeIgniter.php(507): CodeIgniter\CodeIgniter->runController(Object(App\Controllers\usuario))
 4 SYSTEMPATH\CodeIgniter.php(354): CodeIgniter\CodeIgniter->handleRequest(null, Object(Config\Cache), false)
 5 SYSTEMPATH\Boot.php(363): CodeIgniter\CodeIgniter->run()
 6 SYSTEMPATH\Boot.php(68): CodeIgniter\Boot::runCodeIgniter(Object(CodeIgniter\CodeIgniter))
 7 FCPATH\index.php(59): CodeIgniter\Boot::bootWeb(Object(Config\Paths))
CRITICAL - 2025-08-22 22:44:03 --> ErrorException: Undefined variable $clave
[Method: POST, Route: registro/guardar]
in APPPATH\Controllers\usuario.php on line 14.
 1 APPPATH\Controllers\usuario.php(14): CodeIgniter\Debug\Exceptions->errorHandler(2, 'Undefined variable $clave', 'C:\\xampp\\htdocs\\turismoya\\app\\Controllers\\usuario.php', 14)
 2 SYSTEMPATH\CodeIgniter.php(933): App\Controllers\usuario->registro()
 3 SYSTEMPATH\CodeIgniter.php(507): CodeIgniter\CodeIgniter->runController(Object(App\Controllers\usuario))
 4 SYSTEMPATH\CodeIgniter.php(354): CodeIgniter\CodeIgniter->handleRequest(null, Object(Config\Cache), false)
 5 SYSTEMPATH\Boot.php(363): CodeIgniter\CodeIgniter->run()
 6 SYSTEMPATH\Boot.php(68): CodeIgniter\Boot::runCodeIgniter(Object(CodeIgniter\CodeIgniter))
 7 FCPATH\index.php(59): CodeIgniter\Boot::bootWeb(Object(Config\Paths))
CRITICAL - 2025-08-22 23:04:56 --> Error: Call to undefined function set_value()
[Method: GET, Route: registro]
in APPPATH\Views\registro.php on line 62.
 1 SYSTEMPATH\View\View.php(226): include()
 2 SYSTEMPATH\View\View.php(229): CodeIgniter\View\View->CodeIgniter\View\{closure}()
 3 SYSTEMPATH\Common.php(1167): CodeIgniter\View\View->render('registro', [], true)
 4 APPPATH\Controllers\usuario.php(6): view('registro')
 5 SYSTEMPATH\CodeIgniter.php(933): App\Controllers\usuario->registro_view()
 6 SYSTEMPATH\CodeIgniter.php(507): CodeIgniter\CodeIgniter->runController(Object(App\Controllers\usuario))
 7 SYSTEMPATH\CodeIgniter.php(354): CodeIgniter\CodeIgniter->handleRequest(null, Object(Config\Cache), false)
 8 SYSTEMPATH\Boot.php(363): CodeIgniter\CodeIgniter->run()
 9 SYSTEMPATH\Boot.php(68): CodeIgniter\Boot::runCodeIgniter(Object(CodeIgniter\CodeIgniter))
10 FCPATH\index.php(59): CodeIgniter\Boot::bootWeb(Object(Config\Paths))
CRITICAL - 2025-08-22 23:05:22 --> Error: Call to undefined function set_value()
[Method: GET, Route: registro]
in APPPATH\Views\registro.php on line 62.
 1 SYSTEMPATH\View\View.php(226): include()
 2 SYSTEMPATH\View\View.php(229): CodeIgniter\View\View->CodeIgniter\View\{closure}()
 3 SYSTEMPATH\Common.php(1167): CodeIgniter\View\View->render('registro', [], true)
 4 APPPATH\Controllers\usuario.php(6): view('registro')
 5 SYSTEMPATH\CodeIgniter.php(933): App\Controllers\usuario->registro_view()
 6 SYSTEMPATH\CodeIgniter.php(507): CodeIgniter\CodeIgniter->runController(Object(App\Controllers\usuario))
 7 SYSTEMPATH\CodeIgniter.php(354): CodeIgniter\CodeIgniter->handleRequest(null, Object(Config\Cache), false)
 8 SYSTEMPATH\Boot.php(363): CodeIgniter\CodeIgniter->run()
 9 SYSTEMPATH\Boot.php(68): CodeIgniter\Boot::runCodeIgniter(Object(CodeIgniter\CodeIgniter))
10 FCPATH\index.php(59): CodeIgniter\Boot::bootWeb(Object(Config\Paths))
