ERROR - 2025-08-13 00:09:48 --> mysqli_sql_exception: Duplicate entry '0' for key 'PRIMARY' in C:\xampp\htdocs\paulisexto\paginaceliypau\system\Database\MySQLi\Connection.php:327
Stack trace:
#0 C:\xampp\htdocs\paulisexto\paginaceliypau\system\Database\MySQLi\Connection.php(327): mysqli->query('INSERT INTO `us...', 0)
#1 C:\xampp\htdocs\paulisexto\paginaceliypau\system\Database\BaseConnection.php(729): CodeIgniter\Database\MySQLi\Connection->execute('INSERT INTO `us...')
#2 C:\xampp\htdocs\paulisexto\paginaceliypau\system\Database\BaseConnection.php(646): CodeIgniter\Database\BaseConnection->simpleQuery('INSERT INTO `us...')
#3 C:\xampp\htdocs\paulisexto\paginaceliypau\system\Database\BaseBuilder.php(2345): CodeIgniter\Database\BaseConnection->query('INSERT INTO `us...', Array, false)
#4 C:\xampp\htdocs\paulisexto\paginaceliypau\system\Model.php(394): CodeIgniter\Database\BaseBuilder->insert()
#5 C:\xampp\htdocs\paulisexto\paginaceliypau\system\BaseModel.php(838): CodeIgniter\Model->doInsert(Array)
#6 C:\xampp\htdocs\paulisexto\paginaceliypau\system\Model.php(797): CodeIgniter\BaseModel->insert(Array, true)
#7 C:\xampp\htdocs\paulisexto\paginaceliypau\app\Controllers\usuario.php(16): CodeIgniter\Model->insert(Array)
#8 C:\xampp\htdocs\paulisexto\paginaceliypau\system\CodeIgniter.php(933): App\Controllers\usuario->registro()
#9 C:\xampp\htdocs\paulisexto\paginaceliypau\system\CodeIgniter.php(507): CodeIgniter\CodeIgniter->runController(Object(App\Controllers\usuario))
#10 C:\xampp\htdocs\paulisexto\paginaceliypau\system\CodeIgniter.php(354): CodeIgniter\CodeIgniter->handleRequest(NULL, Object(Config\Cache), false)
#11 C:\xampp\htdocs\paulisexto\paginaceliypau\system\Boot.php(363): CodeIgniter\CodeIgniter->run()
#12 C:\xampp\htdocs\paulisexto\paginaceliypau\system\Boot.php(68): CodeIgniter\Boot::runCodeIgniter(Object(CodeIgniter\CodeIgniter))
#13 C:\xampp\htdocs\paulisexto\paginaceliypau\public\index.php(59): CodeIgniter\Boot::bootWeb(Object(Config\Paths))
#14 {main}
ERROR - 2025-08-13 00:14:31 --> mysqli_sql_exception: Duplicate entry '0' for key 'PRIMARY' in C:\xampp\htdocs\paulisexto\paginaceliypau\system\Database\MySQLi\Connection.php:327
Stack trace:
#0 C:\xampp\htdocs\paulisexto\paginaceliypau\system\Database\MySQLi\Connection.php(327): mysqli->query('INSERT INTO `us...', 0)
#1 C:\xampp\htdocs\paulisexto\paginaceliypau\system\Database\BaseConnection.php(729): CodeIgniter\Database\MySQLi\Connection->execute('INSERT INTO `us...')
#2 C:\xampp\htdocs\paulisexto\paginaceliypau\system\Database\BaseConnection.php(646): CodeIgniter\Database\BaseConnection->simpleQuery('INSERT INTO `us...')
#3 C:\xampp\htdocs\paulisexto\paginaceliypau\system\Database\BaseBuilder.php(2345): CodeIgniter\Database\BaseConnection->query('INSERT INTO `us...', Array, false)
#4 C:\xampp\htdocs\paulisexto\paginaceliypau\system\Model.php(394): CodeIgniter\Database\BaseBuilder->insert()
#5 C:\xampp\htdocs\paulisexto\paginaceliypau\system\BaseModel.php(838): CodeIgniter\Model->doInsert(Array)
#6 C:\xampp\htdocs\paulisexto\paginaceliypau\system\Model.php(797): CodeIgniter\BaseModel->insert(Array, true)
#7 C:\xampp\htdocs\paulisexto\paginaceliypau\app\Controllers\usuario.php(16): CodeIgniter\Model->insert(Array)
#8 C:\xampp\htdocs\paulisexto\paginaceliypau\system\CodeIgniter.php(933): App\Controllers\usuario->registro()
#9 C:\xampp\htdocs\paulisexto\paginaceliypau\system\CodeIgniter.php(507): CodeIgniter\CodeIgniter->runController(Object(App\Controllers\usuario))
#10 C:\xampp\htdocs\paulisexto\paginaceliypau\system\CodeIgniter.php(354): CodeIgniter\CodeIgniter->handleRequest(NULL, Object(Config\Cache), false)
#11 C:\xampp\htdocs\paulisexto\paginaceliypau\system\Boot.php(363): CodeIgniter\CodeIgniter->run()
#12 C:\xampp\htdocs\paulisexto\paginaceliypau\system\Boot.php(68): CodeIgniter\Boot::runCodeIgniter(Object(CodeIgniter\CodeIgniter))
#13 C:\xampp\htdocs\paulisexto\paginaceliypau\public\index.php(59): CodeIgniter\Boot::bootWeb(Object(Config\Paths))
#14 {main}
ERROR - 2025-08-13 00:15:41 --> mysqli_sql_exception: Duplicate entry '0' for key 'PRIMARY' in C:\xampp\htdocs\paulisexto\paginaceliypau\system\Database\MySQLi\Connection.php:327
Stack trace:
#0 C:\xampp\htdocs\paulisexto\paginaceliypau\system\Database\MySQLi\Connection.php(327): mysqli->query('INSERT INTO `us...', 0)
#1 C:\xampp\htdocs\paulisexto\paginaceliypau\system\Database\BaseConnection.php(729): CodeIgniter\Database\MySQLi\Connection->execute('INSERT INTO `us...')
#2 C:\xampp\htdocs\paulisexto\paginaceliypau\system\Database\BaseConnection.php(646): CodeIgniter\Database\BaseConnection->simpleQuery('INSERT INTO `us...')
#3 C:\xampp\htdocs\paulisexto\paginaceliypau\system\Database\BaseBuilder.php(2345): CodeIgniter\Database\BaseConnection->query('INSERT INTO `us...', Array, false)
#4 C:\xampp\htdocs\paulisexto\paginaceliypau\system\Model.php(394): CodeIgniter\Database\BaseBuilder->insert()
#5 C:\xampp\htdocs\paulisexto\paginaceliypau\system\BaseModel.php(838): CodeIgniter\Model->doInsert(Array)
#6 C:\xampp\htdocs\paulisexto\paginaceliypau\system\Model.php(797): CodeIgniter\BaseModel->insert(Array, true)
#7 C:\xampp\htdocs\paulisexto\paginaceliypau\app\Controllers\usuario.php(16): CodeIgniter\Model->insert(Array)
#8 C:\xampp\htdocs\paulisexto\paginaceliypau\system\CodeIgniter.php(933): App\Controllers\usuario->registro()
#9 C:\xampp\htdocs\paulisexto\paginaceliypau\system\CodeIgniter.php(507): CodeIgniter\CodeIgniter->runController(Object(App\Controllers\usuario))
#10 C:\xampp\htdocs\paulisexto\paginaceliypau\system\CodeIgniter.php(354): CodeIgniter\CodeIgniter->handleRequest(NULL, Object(Config\Cache), false)
#11 C:\xampp\htdocs\paulisexto\paginaceliypau\system\Boot.php(363): CodeIgniter\CodeIgniter->run()
#12 C:\xampp\htdocs\paulisexto\paginaceliypau\system\Boot.php(68): CodeIgniter\Boot::runCodeIgniter(Object(CodeIgniter\CodeIgniter))
#13 C:\xampp\htdocs\paulisexto\paginaceliypau\public\index.php(59): CodeIgniter\Boot::bootWeb(Object(Config\Paths))
#14 {main}
ERROR - 2025-08-13 00:16:12 --> mysqli_sql_exception: Duplicate entry '0' for key 'PRIMARY' in C:\xampp\htdocs\paulisexto\paginaceliypau\system\Database\MySQLi\Connection.php:327
Stack trace:
#0 C:\xampp\htdocs\paulisexto\paginaceliypau\system\Database\MySQLi\Connection.php(327): mysqli->query('INSERT INTO `us...', 0)
#1 C:\xampp\htdocs\paulisexto\paginaceliypau\system\Database\BaseConnection.php(729): CodeIgniter\Database\MySQLi\Connection->execute('INSERT INTO `us...')
#2 C:\xampp\htdocs\paulisexto\paginaceliypau\system\Database\BaseConnection.php(646): CodeIgniter\Database\BaseConnection->simpleQuery('INSERT INTO `us...')
#3 C:\xampp\htdocs\paulisexto\paginaceliypau\system\Database\BaseBuilder.php(2345): CodeIgniter\Database\BaseConnection->query('INSERT INTO `us...', Array, false)
#4 C:\xampp\htdocs\paulisexto\paginaceliypau\system\Model.php(394): CodeIgniter\Database\BaseBuilder->insert()
#5 C:\xampp\htdocs\paulisexto\paginaceliypau\system\BaseModel.php(838): CodeIgniter\Model->doInsert(Array)
#6 C:\xampp\htdocs\paulisexto\paginaceliypau\system\Model.php(797): CodeIgniter\BaseModel->insert(Array, true)
#7 C:\xampp\htdocs\paulisexto\paginaceliypau\app\Controllers\usuario.php(16): CodeIgniter\Model->insert(Array)
#8 C:\xampp\htdocs\paulisexto\paginaceliypau\system\CodeIgniter.php(933): App\Controllers\usuario->registro()
#9 C:\xampp\htdocs\paulisexto\paginaceliypau\system\CodeIgniter.php(507): CodeIgniter\CodeIgniter->runController(Object(App\Controllers\usuario))
#10 C:\xampp\htdocs\paulisexto\paginaceliypau\system\CodeIgniter.php(354): CodeIgniter\CodeIgniter->handleRequest(NULL, Object(Config\Cache), false)
#11 C:\xampp\htdocs\paulisexto\paginaceliypau\system\Boot.php(363): CodeIgniter\CodeIgniter->run()
#12 C:\xampp\htdocs\paulisexto\paginaceliypau\system\Boot.php(68): CodeIgniter\Boot::runCodeIgniter(Object(CodeIgniter\CodeIgniter))
#13 C:\xampp\htdocs\paulisexto\paginaceliypau\public\index.php(59): CodeIgniter\Boot::bootWeb(Object(Config\Paths))
#14 {main}
ERROR - 2025-08-13 00:17:14 --> mysqli_sql_exception: Duplicate entry '0' for key 'PRIMARY' in C:\xampp\htdocs\paulisexto\paginaceliypau\system\Database\MySQLi\Connection.php:327
Stack trace:
#0 C:\xampp\htdocs\paulisexto\paginaceliypau\system\Database\MySQLi\Connection.php(327): mysqli->query('INSERT INTO `us...', 0)
#1 C:\xampp\htdocs\paulisexto\paginaceliypau\system\Database\BaseConnection.php(729): CodeIgniter\Database\MySQLi\Connection->execute('INSERT INTO `us...')
#2 C:\xampp\htdocs\paulisexto\paginaceliypau\system\Database\BaseConnection.php(646): CodeIgniter\Database\BaseConnection->simpleQuery('INSERT INTO `us...')
#3 C:\xampp\htdocs\paulisexto\paginaceliypau\system\Database\BaseBuilder.php(2345): CodeIgniter\Database\BaseConnection->query('INSERT INTO `us...', Array, false)
#4 C:\xampp\htdocs\paulisexto\paginaceliypau\system\Model.php(394): CodeIgniter\Database\BaseBuilder->insert()
#5 C:\xampp\htdocs\paulisexto\paginaceliypau\system\BaseModel.php(838): CodeIgniter\Model->doInsert(Array)
#6 C:\xampp\htdocs\paulisexto\paginaceliypau\system\Model.php(797): CodeIgniter\BaseModel->insert(Array, true)
#7 C:\xampp\htdocs\paulisexto\paginaceliypau\app\Controllers\usuario.php(16): CodeIgniter\Model->insert(Array)
#8 C:\xampp\htdocs\paulisexto\paginaceliypau\system\CodeIgniter.php(933): App\Controllers\usuario->registro()
#9 C:\xampp\htdocs\paulisexto\paginaceliypau\system\CodeIgniter.php(507): CodeIgniter\CodeIgniter->runController(Object(App\Controllers\usuario))
#10 C:\xampp\htdocs\paulisexto\paginaceliypau\system\CodeIgniter.php(354): CodeIgniter\CodeIgniter->handleRequest(NULL, Object(Config\Cache), false)
#11 C:\xampp\htdocs\paulisexto\paginaceliypau\system\Boot.php(363): CodeIgniter\CodeIgniter->run()
#12 C:\xampp\htdocs\paulisexto\paginaceliypau\system\Boot.php(68): CodeIgniter\Boot::runCodeIgniter(Object(CodeIgniter\CodeIgniter))
#13 C:\xampp\htdocs\paulisexto\paginaceliypau\public\index.php(59): CodeIgniter\Boot::bootWeb(Object(Config\Paths))
#14 {main}
ERROR - 2025-08-13 00:18:58 --> mysqli_sql_exception: Duplicate entry '0' for key 'PRIMARY' in C:\xampp\htdocs\paulisexto\paginaceliypau\system\Database\MySQLi\Connection.php:327
Stack trace:
#0 C:\xampp\htdocs\paulisexto\paginaceliypau\system\Database\MySQLi\Connection.php(327): mysqli->query('INSERT INTO `us...', 0)
#1 C:\xampp\htdocs\paulisexto\paginaceliypau\system\Database\BaseConnection.php(729): CodeIgniter\Database\MySQLi\Connection->execute('INSERT INTO `us...')
#2 C:\xampp\htdocs\paulisexto\paginaceliypau\system\Database\BaseConnection.php(646): CodeIgniter\Database\BaseConnection->simpleQuery('INSERT INTO `us...')
#3 C:\xampp\htdocs\paulisexto\paginaceliypau\system\Database\BaseBuilder.php(2345): CodeIgniter\Database\BaseConnection->query('INSERT INTO `us...', Array, false)
#4 C:\xampp\htdocs\paulisexto\paginaceliypau\system\Model.php(394): CodeIgniter\Database\BaseBuilder->insert()
#5 C:\xampp\htdocs\paulisexto\paginaceliypau\system\BaseModel.php(838): CodeIgniter\Model->doInsert(Array)
#6 C:\xampp\htdocs\paulisexto\paginaceliypau\system\Model.php(797): CodeIgniter\BaseModel->insert(Array, true)
#7 C:\xampp\htdocs\paulisexto\paginaceliypau\app\Controllers\usuario.php(16): CodeIgniter\Model->insert(Array)
#8 C:\xampp\htdocs\paulisexto\paginaceliypau\system\CodeIgniter.php(933): App\Controllers\usuario->registro()
#9 C:\xampp\htdocs\paulisexto\paginaceliypau\system\CodeIgniter.php(507): CodeIgniter\CodeIgniter->runController(Object(App\Controllers\usuario))
#10 C:\xampp\htdocs\paulisexto\paginaceliypau\system\CodeIgniter.php(354): CodeIgniter\CodeIgniter->handleRequest(NULL, Object(Config\Cache), false)
#11 C:\xampp\htdocs\paulisexto\paginaceliypau\system\Boot.php(363): CodeIgniter\CodeIgniter->run()
#12 C:\xampp\htdocs\paulisexto\paginaceliypau\system\Boot.php(68): CodeIgniter\Boot::runCodeIgniter(Object(CodeIgniter\CodeIgniter))
#13 C:\xampp\htdocs\paulisexto\paginaceliypau\public\index.php(59): CodeIgniter\Boot::bootWeb(Object(Config\Paths))
#14 {main}
ERROR - 2025-08-13 00:19:24 --> mysqli_sql_exception: Duplicate entry '0' for key 'PRIMARY' in C:\xampp\htdocs\paulisexto\paginaceliypau\system\Database\MySQLi\Connection.php:327
Stack trace:
#0 C:\xampp\htdocs\paulisexto\paginaceliypau\system\Database\MySQLi\Connection.php(327): mysqli->query('INSERT INTO `us...', 0)
#1 C:\xampp\htdocs\paulisexto\paginaceliypau\system\Database\BaseConnection.php(729): CodeIgniter\Database\MySQLi\Connection->execute('INSERT INTO `us...')
#2 C:\xampp\htdocs\paulisexto\paginaceliypau\system\Database\BaseConnection.php(646): CodeIgniter\Database\BaseConnection->simpleQuery('INSERT INTO `us...')
#3 C:\xampp\htdocs\paulisexto\paginaceliypau\system\Database\BaseBuilder.php(2345): CodeIgniter\Database\BaseConnection->query('INSERT INTO `us...', Array, false)
#4 C:\xampp\htdocs\paulisexto\paginaceliypau\system\Model.php(394): CodeIgniter\Database\BaseBuilder->insert()
#5 C:\xampp\htdocs\paulisexto\paginaceliypau\system\BaseModel.php(838): CodeIgniter\Model->doInsert(Array)
#6 C:\xampp\htdocs\paulisexto\paginaceliypau\system\Model.php(797): CodeIgniter\BaseModel->insert(Array, true)
#7 C:\xampp\htdocs\paulisexto\paginaceliypau\app\Controllers\usuario.php(16): CodeIgniter\Model->insert(Array)
#8 C:\xampp\htdocs\paulisexto\paginaceliypau\system\CodeIgniter.php(933): App\Controllers\usuario->registro()
#9 C:\xampp\htdocs\paulisexto\paginaceliypau\system\CodeIgniter.php(507): CodeIgniter\CodeIgniter->runController(Object(App\Controllers\usuario))
#10 C:\xampp\htdocs\paulisexto\paginaceliypau\system\CodeIgniter.php(354): CodeIgniter\CodeIgniter->handleRequest(NULL, Object(Config\Cache), false)
#11 C:\xampp\htdocs\paulisexto\paginaceliypau\system\Boot.php(363): CodeIgniter\CodeIgniter->run()
#12 C:\xampp\htdocs\paulisexto\paginaceliypau\system\Boot.php(68): CodeIgniter\Boot::runCodeIgniter(Object(CodeIgniter\CodeIgniter))
#13 C:\xampp\htdocs\paulisexto\paginaceliypau\public\index.php(59): CodeIgniter\Boot::bootWeb(Object(Config\Paths))
#14 {main}
ERROR - 2025-08-13 00:20:25 --> mysqli_sql_exception: Duplicate entry '0' for key 'PRIMARY' in C:\xampp\htdocs\paulisexto\paginaceliypau\system\Database\MySQLi\Connection.php:327
Stack trace:
#0 C:\xampp\htdocs\paulisexto\paginaceliypau\system\Database\MySQLi\Connection.php(327): mysqli->query('INSERT INTO `us...', 0)
#1 C:\xampp\htdocs\paulisexto\paginaceliypau\system\Database\BaseConnection.php(729): CodeIgniter\Database\MySQLi\Connection->execute('INSERT INTO `us...')
#2 C:\xampp\htdocs\paulisexto\paginaceliypau\system\Database\BaseConnection.php(646): CodeIgniter\Database\BaseConnection->simpleQuery('INSERT INTO `us...')
#3 C:\xampp\htdocs\paulisexto\paginaceliypau\system\Database\BaseBuilder.php(2345): CodeIgniter\Database\BaseConnection->query('INSERT INTO `us...', Array, false)
#4 C:\xampp\htdocs\paulisexto\paginaceliypau\system\Model.php(394): CodeIgniter\Database\BaseBuilder->insert()
#5 C:\xampp\htdocs\paulisexto\paginaceliypau\system\BaseModel.php(838): CodeIgniter\Model->doInsert(Array)
#6 C:\xampp\htdocs\paulisexto\paginaceliypau\system\Model.php(797): CodeIgniter\BaseModel->insert(Array, true)
#7 C:\xampp\htdocs\paulisexto\paginaceliypau\app\Controllers\usuario.php(16): CodeIgniter\Model->insert(Array)
#8 C:\xampp\htdocs\paulisexto\paginaceliypau\system\CodeIgniter.php(933): App\Controllers\usuario->registro()
#9 C:\xampp\htdocs\paulisexto\paginaceliypau\system\CodeIgniter.php(507): CodeIgniter\CodeIgniter->runController(Object(App\Controllers\usuario))
#10 C:\xampp\htdocs\paulisexto\paginaceliypau\system\CodeIgniter.php(354): CodeIgniter\CodeIgniter->handleRequest(NULL, Object(Config\Cache), false)
#11 C:\xampp\htdocs\paulisexto\paginaceliypau\system\Boot.php(363): CodeIgniter\CodeIgniter->run()
#12 C:\xampp\htdocs\paulisexto\paginaceliypau\system\Boot.php(68): CodeIgniter\Boot::runCodeIgniter(Object(CodeIgniter\CodeIgniter))
#13 C:\xampp\htdocs\paulisexto\paginaceliypau\public\index.php(59): CodeIgniter\Boot::bootWeb(Object(Config\Paths))
#14 {main}
ERROR - 2025-08-13 00:20:32 --> mysqli_sql_exception: Duplicate entry '0' for key 'PRIMARY' in C:\xampp\htdocs\paulisexto\paginaceliypau\system\Database\MySQLi\Connection.php:327
Stack trace:
#0 C:\xampp\htdocs\paulisexto\paginaceliypau\system\Database\MySQLi\Connection.php(327): mysqli->query('INSERT INTO `us...', 0)
#1 C:\xampp\htdocs\paulisexto\paginaceliypau\system\Database\BaseConnection.php(729): CodeIgniter\Database\MySQLi\Connection->execute('INSERT INTO `us...')
#2 C:\xampp\htdocs\paulisexto\paginaceliypau\system\Database\BaseConnection.php(646): CodeIgniter\Database\BaseConnection->simpleQuery('INSERT INTO `us...')
#3 C:\xampp\htdocs\paulisexto\paginaceliypau\system\Database\BaseBuilder.php(2345): CodeIgniter\Database\BaseConnection->query('INSERT INTO `us...', Array, false)
#4 C:\xampp\htdocs\paulisexto\paginaceliypau\system\Model.php(394): CodeIgniter\Database\BaseBuilder->insert()
#5 C:\xampp\htdocs\paulisexto\paginaceliypau\system\BaseModel.php(838): CodeIgniter\Model->doInsert(Array)
#6 C:\xampp\htdocs\paulisexto\paginaceliypau\system\Model.php(797): CodeIgniter\BaseModel->insert(Array, true)
#7 C:\xampp\htdocs\paulisexto\paginaceliypau\app\Controllers\usuario.php(16): CodeIgniter\Model->insert(Array)
#8 C:\xampp\htdocs\paulisexto\paginaceliypau\system\CodeIgniter.php(933): App\Controllers\usuario->registro()
#9 C:\xampp\htdocs\paulisexto\paginaceliypau\system\CodeIgniter.php(507): CodeIgniter\CodeIgniter->runController(Object(App\Controllers\usuario))
#10 C:\xampp\htdocs\paulisexto\paginaceliypau\system\CodeIgniter.php(354): CodeIgniter\CodeIgniter->handleRequest(NULL, Object(Config\Cache), false)
#11 C:\xampp\htdocs\paulisexto\paginaceliypau\system\Boot.php(363): CodeIgniter\CodeIgniter->run()
#12 C:\xampp\htdocs\paulisexto\paginaceliypau\system\Boot.php(68): CodeIgniter\Boot::runCodeIgniter(Object(CodeIgniter\CodeIgniter))
#13 C:\xampp\htdocs\paulisexto\paginaceliypau\public\index.php(59): CodeIgniter\Boot::bootWeb(Object(Config\Paths))
#14 {main}
CRITICAL - 2025-08-13 00:40:38 --> ParseError: syntax error, unexpected variable "$routes"
[Method: GET, Route: login]
in APPPATH\Config\Routes.php on line 25.
 1 SYSTEMPATH\CodeIgniter.php(821): CodeIgniter\Router\RouteCollection->loadRoutes()
 2 SYSTEMPATH\CodeIgniter.php(455): CodeIgniter\CodeIgniter->tryToRouteIt(null)
 3 SYSTEMPATH\CodeIgniter.php(354): CodeIgniter\CodeIgniter->handleRequest(null, Object(Config\Cache), false)
 4 SYSTEMPATH\Boot.php(363): CodeIgniter\CodeIgniter->run()
 5 SYSTEMPATH\Boot.php(68): CodeIgniter\Boot::runCodeIgniter(Object(CodeIgniter\CodeIgniter))
 6 FCPATH\index.php(59): CodeIgniter\Boot::bootWeb(Object(Config\Paths))
CRITICAL - 2025-08-13 00:40:41 --> ParseError: syntax error, unexpected variable "$routes"
[Method: GET, Route: login]
in APPPATH\Config\Routes.php on line 25.
 1 SYSTEMPATH\CodeIgniter.php(821): CodeIgniter\Router\RouteCollection->loadRoutes()
 2 SYSTEMPATH\CodeIgniter.php(455): CodeIgniter\CodeIgniter->tryToRouteIt(null)
 3 SYSTEMPATH\CodeIgniter.php(354): CodeIgniter\CodeIgniter->handleRequest(null, Object(Config\Cache), false)
 4 SYSTEMPATH\Boot.php(363): CodeIgniter\CodeIgniter->run()
 5 SYSTEMPATH\Boot.php(68): CodeIgniter\Boot::runCodeIgniter(Object(CodeIgniter\CodeIgniter))
 6 FCPATH\index.php(59): CodeIgniter\Boot::bootWeb(Object(Config\Paths))
ERROR - 2025-08-13 19:04:56 --> mysqli_sql_exception: Duplicate entry '0' for key 'PRIMARY' in C:\xampp\htdocs\paulisexto\paginaceliypau\system\Database\MySQLi\Connection.php:327
Stack trace:
#0 C:\xampp\htdocs\paulisexto\paginaceliypau\system\Database\MySQLi\Connection.php(327): mysqli->query('INSERT INTO `us...', 0)
#1 C:\xampp\htdocs\paulisexto\paginaceliypau\system\Database\BaseConnection.php(729): CodeIgniter\Database\MySQLi\Connection->execute('INSERT INTO `us...')
#2 C:\xampp\htdocs\paulisexto\paginaceliypau\system\Database\BaseConnection.php(646): CodeIgniter\Database\BaseConnection->simpleQuery('INSERT INTO `us...')
#3 C:\xampp\htdocs\paulisexto\paginaceliypau\system\Database\BaseBuilder.php(2345): CodeIgniter\Database\BaseConnection->query('INSERT INTO `us...', Array, false)
#4 C:\xampp\htdocs\paulisexto\paginaceliypau\system\Model.php(394): CodeIgniter\Database\BaseBuilder->insert()
#5 C:\xampp\htdocs\paulisexto\paginaceliypau\system\BaseModel.php(838): CodeIgniter\Model->doInsert(Array)
#6 C:\xampp\htdocs\paulisexto\paginaceliypau\system\Model.php(797): CodeIgniter\BaseModel->insert(Array, true)
#7 C:\xampp\htdocs\paulisexto\paginaceliypau\app\Controllers\usuario.php(16): CodeIgniter\Model->insert(Array)
#8 C:\xampp\htdocs\paulisexto\paginaceliypau\system\CodeIgniter.php(933): App\Controllers\usuario->registro()
#9 C:\xampp\htdocs\paulisexto\paginaceliypau\system\CodeIgniter.php(507): CodeIgniter\CodeIgniter->runController(Object(App\Controllers\usuario))
#10 C:\xampp\htdocs\paulisexto\paginaceliypau\system\CodeIgniter.php(354): CodeIgniter\CodeIgniter->handleRequest(NULL, Object(Config\Cache), false)
#11 C:\xampp\htdocs\paulisexto\paginaceliypau\system\Boot.php(363): CodeIgniter\CodeIgniter->run()
#12 C:\xampp\htdocs\paulisexto\paginaceliypau\system\Boot.php(68): CodeIgniter\Boot::runCodeIgniter(Object(CodeIgniter\CodeIgniter))
#13 C:\xampp\htdocs\paulisexto\paginaceliypau\public\index.php(59): CodeIgniter\Boot::bootWeb(Object(Config\Paths))
#14 {main}
ERROR - 2025-08-13 19:07:43 --> Error connecting to the database: mysqli_sql_exception: No se puede establecer una conexión ya que el equipo de destino denegó expresamente dicha conexión in C:\xampp\htdocs\paulisexto\paginaceliypau\system\Database\MySQLi\Connection.php:201
Stack trace:
#0 C:\xampp\htdocs\paulisexto\paginaceliypau\system\Database\MySQLi\Connection.php(201): mysqli->real_connect('localhost', 'root', Object(SensitiveParameterValue), 'pagina1', 3306, '', 0)
#1 C:\xampp\htdocs\paulisexto\paginaceliypau\system\Database\BaseConnection.php(419): CodeIgniter\Database\MySQLi\Connection->connect(false)
#2 C:\xampp\htdocs\paulisexto\paginaceliypau\system\Database\BaseConnection.php(614): CodeIgniter\Database\BaseConnection->initialize()
#3 C:\xampp\htdocs\paulisexto\paginaceliypau\system\Database\BaseBuilder.php(2345): CodeIgniter\Database\BaseConnection->query('INSERT INTO `us...', Array, false)
#4 C:\xampp\htdocs\paulisexto\paginaceliypau\system\Model.php(394): CodeIgniter\Database\BaseBuilder->insert()
#5 C:\xampp\htdocs\paulisexto\paginaceliypau\system\BaseModel.php(838): CodeIgniter\Model->doInsert(Array)
#6 C:\xampp\htdocs\paulisexto\paginaceliypau\system\Model.php(797): CodeIgniter\BaseModel->insert(Array, true)
#7 C:\xampp\htdocs\paulisexto\paginaceliypau\app\Controllers\usuario.php(16): CodeIgniter\Model->insert(Array)
#8 C:\xampp\htdocs\paulisexto\paginaceliypau\system\CodeIgniter.php(933): App\Controllers\usuario->registro()
#9 C:\xampp\htdocs\paulisexto\paginaceliypau\system\CodeIgniter.php(507): CodeIgniter\CodeIgniter->runController(Object(App\Controllers\usuario))
#10 C:\xampp\htdocs\paulisexto\paginaceliypau\system\CodeIgniter.php(354): CodeIgniter\CodeIgniter->handleRequest(NULL, Object(Config\Cache), false)
#11 C:\xampp\htdocs\paulisexto\paginaceliypau\system\Boot.php(363): CodeIgniter\CodeIgniter->run()
#12 C:\xampp\htdocs\paulisexto\paginaceliypau\system\Boot.php(68): CodeIgniter\Boot::runCodeIgniter(Object(CodeIgniter\CodeIgniter))
#13 C:\xampp\htdocs\paulisexto\paginaceliypau\public\index.php(59): CodeIgniter\Boot::bootWeb(Object(Config\Paths))
#14 {main}

Next CodeIgniter\Database\Exceptions\DatabaseException: No se puede establecer una conexión ya que el equipo de destino denegó expresamente dicha conexión in C:\xampp\htdocs\paulisexto\paginaceliypau\system\Database\MySQLi\Connection.php:246
Stack trace:
#0 C:\xampp\htdocs\paulisexto\paginaceliypau\system\Database\BaseConnection.php(419): CodeIgniter\Database\MySQLi\Connection->connect(false)
#1 C:\xampp\htdocs\paulisexto\paginaceliypau\system\Database\BaseConnection.php(614): CodeIgniter\Database\BaseConnection->initialize()
#2 C:\xampp\htdocs\paulisexto\paginaceliypau\system\Database\BaseBuilder.php(2345): CodeIgniter\Database\BaseConnection->query('INSERT INTO `us...', Array, false)
#3 C:\xampp\htdocs\paulisexto\paginaceliypau\system\Model.php(394): CodeIgniter\Database\BaseBuilder->insert()
#4 C:\xampp\htdocs\paulisexto\paginaceliypau\system\BaseModel.php(838): CodeIgniter\Model->doInsert(Array)
#5 C:\xampp\htdocs\paulisexto\paginaceliypau\system\Model.php(797): CodeIgniter\BaseModel->insert(Array, true)
#6 C:\xampp\htdocs\paulisexto\paginaceliypau\app\Controllers\usuario.php(16): CodeIgniter\Model->insert(Array)
#7 C:\xampp\htdocs\paulisexto\paginaceliypau\system\CodeIgniter.php(933): App\Controllers\usuario->registro()
#8 C:\xampp\htdocs\paulisexto\paginaceliypau\system\CodeIgniter.php(507): CodeIgniter\CodeIgniter->runController(Object(App\Controllers\usuario))
#9 C:\xampp\htdocs\paulisexto\paginaceliypau\system\CodeIgniter.php(354): CodeIgniter\CodeIgniter->handleRequest(NULL, Object(Config\Cache), false)
#10 C:\xampp\htdocs\paulisexto\paginaceliypau\system\Boot.php(363): CodeIgniter\CodeIgniter->run()
#11 C:\xampp\htdocs\paulisexto\paginaceliypau\system\Boot.php(68): CodeIgniter\Boot::runCodeIgniter(Object(CodeIgniter\CodeIgniter))
#12 C:\xampp\htdocs\paulisexto\paginaceliypau\public\index.php(59): CodeIgniter\Boot::bootWeb(Object(Config\Paths))
#13 {main}
CRITICAL - 2025-08-13 19:07:43 --> CodeIgniter\Database\Exceptions\DatabaseException: Unable to connect to the database.
Main connection [MySQLi]: No se puede establecer una conexión ya que el equipo de destino denegó expresamente dicha conexión
[Method: POST, Route: registro/guardar]
in SYSTEMPATH\Database\BaseConnection.php on line 465.
 1 SYSTEMPATH\Database\BaseConnection.php(614): CodeIgniter\Database\BaseConnection->initialize()
 2 SYSTEMPATH\Database\BaseBuilder.php(2345): CodeIgniter\Database\BaseConnection->query('INSERT INTO `usuario` (`nombre`, `apellido`, `gmail`, `clave`) VALUES (:nombre:, :apellido:, :gmail:, :clave:)', [...], false)
 3 SYSTEMPATH\Model.php(394): CodeIgniter\Database\BaseBuilder->insert()
 4 SYSTEMPATH\BaseModel.php(838): CodeIgniter\Model->doInsert([...])
 5 SYSTEMPATH\Model.php(797): CodeIgniter\BaseModel->insert([...], true)
 6 APPPATH\Controllers\usuario.php(16): CodeIgniter\Model->insert([...])
 7 SYSTEMPATH\CodeIgniter.php(933): App\Controllers\usuario->registro()
 8 SYSTEMPATH\CodeIgniter.php(507): CodeIgniter\CodeIgniter->runController(Object(App\Controllers\usuario))
 9 SYSTEMPATH\CodeIgniter.php(354): CodeIgniter\CodeIgniter->handleRequest(null, Object(Config\Cache), false)
10 SYSTEMPATH\Boot.php(363): CodeIgniter\CodeIgniter->run()
11 SYSTEMPATH\Boot.php(68): CodeIgniter\Boot::runCodeIgniter(Object(CodeIgniter\CodeIgniter))
12 FCPATH\index.php(59): CodeIgniter\Boot::bootWeb(Object(Config\Paths))
ERROR - 2025-08-13 19:20:38 --> Error connecting to the database: mysqli_sql_exception: No se puede establecer una conexión ya que el equipo de destino denegó expresamente dicha conexión in C:\xampp\htdocs\paulisexto\paginaceliypau\system\Database\MySQLi\Connection.php:201
Stack trace:
#0 C:\xampp\htdocs\paulisexto\paginaceliypau\system\Database\MySQLi\Connection.php(201): mysqli->real_connect('localhost', 'root', Object(SensitiveParameterValue), 'pagina1', 3306, '', 0)
#1 C:\xampp\htdocs\paulisexto\paginaceliypau\system\Database\BaseConnection.php(419): CodeIgniter\Database\MySQLi\Connection->connect(false)
#2 C:\xampp\htdocs\paulisexto\paginaceliypau\system\Database\BaseConnection.php(614): CodeIgniter\Database\BaseConnection->initialize()
#3 C:\xampp\htdocs\paulisexto\paginaceliypau\system\Database\BaseBuilder.php(2345): CodeIgniter\Database\BaseConnection->query('INSERT INTO `us...', Array, false)
#4 C:\xampp\htdocs\paulisexto\paginaceliypau\system\Model.php(394): CodeIgniter\Database\BaseBuilder->insert()
#5 C:\xampp\htdocs\paulisexto\paginaceliypau\system\BaseModel.php(838): CodeIgniter\Model->doInsert(Array)
#6 C:\xampp\htdocs\paulisexto\paginaceliypau\system\Model.php(797): CodeIgniter\BaseModel->insert(Array, true)
#7 C:\xampp\htdocs\paulisexto\paginaceliypau\app\Controllers\usuario.php(16): CodeIgniter\Model->insert(Array)
#8 C:\xampp\htdocs\paulisexto\paginaceliypau\system\CodeIgniter.php(933): App\Controllers\usuario->registro()
#9 C:\xampp\htdocs\paulisexto\paginaceliypau\system\CodeIgniter.php(507): CodeIgniter\CodeIgniter->runController(Object(App\Controllers\usuario))
#10 C:\xampp\htdocs\paulisexto\paginaceliypau\system\CodeIgniter.php(354): CodeIgniter\CodeIgniter->handleRequest(NULL, Object(Config\Cache), false)
#11 C:\xampp\htdocs\paulisexto\paginaceliypau\system\Boot.php(363): CodeIgniter\CodeIgniter->run()
#12 C:\xampp\htdocs\paulisexto\paginaceliypau\system\Boot.php(68): CodeIgniter\Boot::runCodeIgniter(Object(CodeIgniter\CodeIgniter))
#13 C:\xampp\htdocs\paulisexto\paginaceliypau\public\index.php(59): CodeIgniter\Boot::bootWeb(Object(Config\Paths))
#14 {main}

Next CodeIgniter\Database\Exceptions\DatabaseException: No se puede establecer una conexión ya que el equipo de destino denegó expresamente dicha conexión in C:\xampp\htdocs\paulisexto\paginaceliypau\system\Database\MySQLi\Connection.php:246
Stack trace:
#0 C:\xampp\htdocs\paulisexto\paginaceliypau\system\Database\BaseConnection.php(419): CodeIgniter\Database\MySQLi\Connection->connect(false)
#1 C:\xampp\htdocs\paulisexto\paginaceliypau\system\Database\BaseConnection.php(614): CodeIgniter\Database\BaseConnection->initialize()
#2 C:\xampp\htdocs\paulisexto\paginaceliypau\system\Database\BaseBuilder.php(2345): CodeIgniter\Database\BaseConnection->query('INSERT INTO `us...', Array, false)
#3 C:\xampp\htdocs\paulisexto\paginaceliypau\system\Model.php(394): CodeIgniter\Database\BaseBuilder->insert()
#4 C:\xampp\htdocs\paulisexto\paginaceliypau\system\BaseModel.php(838): CodeIgniter\Model->doInsert(Array)
#5 C:\xampp\htdocs\paulisexto\paginaceliypau\system\Model.php(797): CodeIgniter\BaseModel->insert(Array, true)
#6 C:\xampp\htdocs\paulisexto\paginaceliypau\app\Controllers\usuario.php(16): CodeIgniter\Model->insert(Array)
#7 C:\xampp\htdocs\paulisexto\paginaceliypau\system\CodeIgniter.php(933): App\Controllers\usuario->registro()
#8 C:\xampp\htdocs\paulisexto\paginaceliypau\system\CodeIgniter.php(507): CodeIgniter\CodeIgniter->runController(Object(App\Controllers\usuario))
#9 C:\xampp\htdocs\paulisexto\paginaceliypau\system\CodeIgniter.php(354): CodeIgniter\CodeIgniter->handleRequest(NULL, Object(Config\Cache), false)
#10 C:\xampp\htdocs\paulisexto\paginaceliypau\system\Boot.php(363): CodeIgniter\CodeIgniter->run()
#11 C:\xampp\htdocs\paulisexto\paginaceliypau\system\Boot.php(68): CodeIgniter\Boot::runCodeIgniter(Object(CodeIgniter\CodeIgniter))
#12 C:\xampp\htdocs\paulisexto\paginaceliypau\public\index.php(59): CodeIgniter\Boot::bootWeb(Object(Config\Paths))
#13 {main}
CRITICAL - 2025-08-13 19:20:38 --> CodeIgniter\Database\Exceptions\DatabaseException: Unable to connect to the database.
Main connection [MySQLi]: No se puede establecer una conexión ya que el equipo de destino denegó expresamente dicha conexión
[Method: POST, Route: registro/guardar]
in SYSTEMPATH\Database\BaseConnection.php on line 465.
 1 SYSTEMPATH\Database\BaseConnection.php(614): CodeIgniter\Database\BaseConnection->initialize()
 2 SYSTEMPATH\Database\BaseBuilder.php(2345): CodeIgniter\Database\BaseConnection->query('INSERT INTO `usuario` (`nombre`, `apellido`, `gmail`, `clave`) VALUES (:nombre:, :apellido:, :gmail:, :clave:)', [...], false)
 3 SYSTEMPATH\Model.php(394): CodeIgniter\Database\BaseBuilder->insert()
 4 SYSTEMPATH\BaseModel.php(838): CodeIgniter\Model->doInsert([...])
 5 SYSTEMPATH\Model.php(797): CodeIgniter\BaseModel->insert([...], true)
 6 APPPATH\Controllers\usuario.php(16): CodeIgniter\Model->insert([...])
 7 SYSTEMPATH\CodeIgniter.php(933): App\Controllers\usuario->registro()
 8 SYSTEMPATH\CodeIgniter.php(507): CodeIgniter\CodeIgniter->runController(Object(App\Controllers\usuario))
 9 SYSTEMPATH\CodeIgniter.php(354): CodeIgniter\CodeIgniter->handleRequest(null, Object(Config\Cache), false)
10 SYSTEMPATH\Boot.php(363): CodeIgniter\CodeIgniter->run()
11 SYSTEMPATH\Boot.php(68): CodeIgniter\Boot::runCodeIgniter(Object(CodeIgniter\CodeIgniter))
12 FCPATH\index.php(59): CodeIgniter\Boot::bootWeb(Object(Config\Paths))
ERROR - 2025-08-13 19:21:30 --> mysqli_sql_exception: Duplicate entry '0' for key 'PRIMARY' in C:\xampp\htdocs\paulisexto\paginaceliypau\system\Database\MySQLi\Connection.php:327
Stack trace:
#0 C:\xampp\htdocs\paulisexto\paginaceliypau\system\Database\MySQLi\Connection.php(327): mysqli->query('INSERT INTO `us...', 0)
#1 C:\xampp\htdocs\paulisexto\paginaceliypau\system\Database\BaseConnection.php(729): CodeIgniter\Database\MySQLi\Connection->execute('INSERT INTO `us...')
#2 C:\xampp\htdocs\paulisexto\paginaceliypau\system\Database\BaseConnection.php(646): CodeIgniter\Database\BaseConnection->simpleQuery('INSERT INTO `us...')
#3 C:\xampp\htdocs\paulisexto\paginaceliypau\system\Database\BaseBuilder.php(2345): CodeIgniter\Database\BaseConnection->query('INSERT INTO `us...', Array, false)
#4 C:\xampp\htdocs\paulisexto\paginaceliypau\system\Model.php(394): CodeIgniter\Database\BaseBuilder->insert()
#5 C:\xampp\htdocs\paulisexto\paginaceliypau\system\BaseModel.php(838): CodeIgniter\Model->doInsert(Array)
#6 C:\xampp\htdocs\paulisexto\paginaceliypau\system\Model.php(797): CodeIgniter\BaseModel->insert(Array, true)
#7 C:\xampp\htdocs\paulisexto\paginaceliypau\app\Controllers\usuario.php(16): CodeIgniter\Model->insert(Array)
#8 C:\xampp\htdocs\paulisexto\paginaceliypau\system\CodeIgniter.php(933): App\Controllers\usuario->registro()
#9 C:\xampp\htdocs\paulisexto\paginaceliypau\system\CodeIgniter.php(507): CodeIgniter\CodeIgniter->runController(Object(App\Controllers\usuario))
#10 C:\xampp\htdocs\paulisexto\paginaceliypau\system\CodeIgniter.php(354): CodeIgniter\CodeIgniter->handleRequest(NULL, Object(Config\Cache), false)
#11 C:\xampp\htdocs\paulisexto\paginaceliypau\system\Boot.php(363): CodeIgniter\CodeIgniter->run()
#12 C:\xampp\htdocs\paulisexto\paginaceliypau\system\Boot.php(68): CodeIgniter\Boot::runCodeIgniter(Object(CodeIgniter\CodeIgniter))
#13 C:\xampp\htdocs\paulisexto\paginaceliypau\public\index.php(59): CodeIgniter\Boot::bootWeb(Object(Config\Paths))
#14 {main}
ERROR - 2025-08-13 19:35:19 --> mysqli_sql_exception: Duplicate entry '0' for key 'PRIMARY' in C:\xampp\htdocs\paulisexto\paginaceliypau\system\Database\MySQLi\Connection.php:327
Stack trace:
#0 C:\xampp\htdocs\paulisexto\paginaceliypau\system\Database\MySQLi\Connection.php(327): mysqli->query('INSERT INTO `us...', 0)
#1 C:\xampp\htdocs\paulisexto\paginaceliypau\system\Database\BaseConnection.php(729): CodeIgniter\Database\MySQLi\Connection->execute('INSERT INTO `us...')
#2 C:\xampp\htdocs\paulisexto\paginaceliypau\system\Database\BaseConnection.php(646): CodeIgniter\Database\BaseConnection->simpleQuery('INSERT INTO `us...')
#3 C:\xampp\htdocs\paulisexto\paginaceliypau\system\Database\BaseBuilder.php(2345): CodeIgniter\Database\BaseConnection->query('INSERT INTO `us...', Array, false)
#4 C:\xampp\htdocs\paulisexto\paginaceliypau\system\Model.php(394): CodeIgniter\Database\BaseBuilder->insert()
#5 C:\xampp\htdocs\paulisexto\paginaceliypau\system\BaseModel.php(838): CodeIgniter\Model->doInsert(Array)
#6 C:\xampp\htdocs\paulisexto\paginaceliypau\system\Model.php(797): CodeIgniter\BaseModel->insert(Array, true)
#7 C:\xampp\htdocs\paulisexto\paginaceliypau\app\Controllers\usuario.php(16): CodeIgniter\Model->insert(Array)
#8 C:\xampp\htdocs\paulisexto\paginaceliypau\system\CodeIgniter.php(933): App\Controllers\usuario->registro()
#9 C:\xampp\htdocs\paulisexto\paginaceliypau\system\CodeIgniter.php(507): CodeIgniter\CodeIgniter->runController(Object(App\Controllers\usuario))
#10 C:\xampp\htdocs\paulisexto\paginaceliypau\system\CodeIgniter.php(354): CodeIgniter\CodeIgniter->handleRequest(NULL, Object(Config\Cache), false)
#11 C:\xampp\htdocs\paulisexto\paginaceliypau\system\Boot.php(363): CodeIgniter\CodeIgniter->run()
#12 C:\xampp\htdocs\paulisexto\paginaceliypau\system\Boot.php(68): CodeIgniter\Boot::runCodeIgniter(Object(CodeIgniter\CodeIgniter))
#13 C:\xampp\htdocs\paulisexto\paginaceliypau\public\index.php(59): CodeIgniter\Boot::bootWeb(Object(Config\Paths))
#14 {main}
ERROR - 2025-08-13 19:35:26 --> mysqli_sql_exception: Duplicate entry '0' for key 'PRIMARY' in C:\xampp\htdocs\paulisexto\paginaceliypau\system\Database\MySQLi\Connection.php:327
Stack trace:
#0 C:\xampp\htdocs\paulisexto\paginaceliypau\system\Database\MySQLi\Connection.php(327): mysqli->query('INSERT INTO `us...', 0)
#1 C:\xampp\htdocs\paulisexto\paginaceliypau\system\Database\BaseConnection.php(729): CodeIgniter\Database\MySQLi\Connection->execute('INSERT INTO `us...')
#2 C:\xampp\htdocs\paulisexto\paginaceliypau\system\Database\BaseConnection.php(646): CodeIgniter\Database\BaseConnection->simpleQuery('INSERT INTO `us...')
#3 C:\xampp\htdocs\paulisexto\paginaceliypau\system\Database\BaseBuilder.php(2345): CodeIgniter\Database\BaseConnection->query('INSERT INTO `us...', Array, false)
#4 C:\xampp\htdocs\paulisexto\paginaceliypau\system\Model.php(394): CodeIgniter\Database\BaseBuilder->insert()
#5 C:\xampp\htdocs\paulisexto\paginaceliypau\system\BaseModel.php(838): CodeIgniter\Model->doInsert(Array)
#6 C:\xampp\htdocs\paulisexto\paginaceliypau\system\Model.php(797): CodeIgniter\BaseModel->insert(Array, true)
#7 C:\xampp\htdocs\paulisexto\paginaceliypau\app\Controllers\usuario.php(16): CodeIgniter\Model->insert(Array)
#8 C:\xampp\htdocs\paulisexto\paginaceliypau\system\CodeIgniter.php(933): App\Controllers\usuario->registro()
#9 C:\xampp\htdocs\paulisexto\paginaceliypau\system\CodeIgniter.php(507): CodeIgniter\CodeIgniter->runController(Object(App\Controllers\usuario))
#10 C:\xampp\htdocs\paulisexto\paginaceliypau\system\CodeIgniter.php(354): CodeIgniter\CodeIgniter->handleRequest(NULL, Object(Config\Cache), false)
#11 C:\xampp\htdocs\paulisexto\paginaceliypau\system\Boot.php(363): CodeIgniter\CodeIgniter->run()
#12 C:\xampp\htdocs\paulisexto\paginaceliypau\system\Boot.php(68): CodeIgniter\Boot::runCodeIgniter(Object(CodeIgniter\CodeIgniter))
#13 C:\xampp\htdocs\paulisexto\paginaceliypau\public\index.php(59): CodeIgniter\Boot::bootWeb(Object(Config\Paths))
#14 {main}
ERROR - 2025-08-13 19:35:47 --> mysqli_sql_exception: Duplicate entry '0' for key 'PRIMARY' in C:\xampp\htdocs\paulisexto\paginaceliypau\system\Database\MySQLi\Connection.php:327
Stack trace:
#0 C:\xampp\htdocs\paulisexto\paginaceliypau\system\Database\MySQLi\Connection.php(327): mysqli->query('INSERT INTO `us...', 0)
#1 C:\xampp\htdocs\paulisexto\paginaceliypau\system\Database\BaseConnection.php(729): CodeIgniter\Database\MySQLi\Connection->execute('INSERT INTO `us...')
#2 C:\xampp\htdocs\paulisexto\paginaceliypau\system\Database\BaseConnection.php(646): CodeIgniter\Database\BaseConnection->simpleQuery('INSERT INTO `us...')
#3 C:\xampp\htdocs\paulisexto\paginaceliypau\system\Database\BaseBuilder.php(2345): CodeIgniter\Database\BaseConnection->query('INSERT INTO `us...', Array, false)
#4 C:\xampp\htdocs\paulisexto\paginaceliypau\system\Model.php(394): CodeIgniter\Database\BaseBuilder->insert()
#5 C:\xampp\htdocs\paulisexto\paginaceliypau\system\BaseModel.php(838): CodeIgniter\Model->doInsert(Array)
#6 C:\xampp\htdocs\paulisexto\paginaceliypau\system\Model.php(797): CodeIgniter\BaseModel->insert(Array, true)
#7 C:\xampp\htdocs\paulisexto\paginaceliypau\app\Controllers\usuario.php(16): CodeIgniter\Model->insert(Array)
#8 C:\xampp\htdocs\paulisexto\paginaceliypau\system\CodeIgniter.php(933): App\Controllers\usuario->registro()
#9 C:\xampp\htdocs\paulisexto\paginaceliypau\system\CodeIgniter.php(507): CodeIgniter\CodeIgniter->runController(Object(App\Controllers\usuario))
#10 C:\xampp\htdocs\paulisexto\paginaceliypau\system\CodeIgniter.php(354): CodeIgniter\CodeIgniter->handleRequest(NULL, Object(Config\Cache), false)
#11 C:\xampp\htdocs\paulisexto\paginaceliypau\system\Boot.php(363): CodeIgniter\CodeIgniter->run()
#12 C:\xampp\htdocs\paulisexto\paginaceliypau\system\Boot.php(68): CodeIgniter\Boot::runCodeIgniter(Object(CodeIgniter\CodeIgniter))
#13 C:\xampp\htdocs\paulisexto\paginaceliypau\public\index.php(59): CodeIgniter\Boot::bootWeb(Object(Config\Paths))
#14 {main}
ERROR - 2025-08-13 19:36:48 --> mysqli_sql_exception: Duplicate entry '0' for key 'PRIMARY' in C:\xampp\htdocs\paulisexto\paginaceliypau\system\Database\MySQLi\Connection.php:327
Stack trace:
#0 C:\xampp\htdocs\paulisexto\paginaceliypau\system\Database\MySQLi\Connection.php(327): mysqli->query('INSERT INTO `us...', 0)
#1 C:\xampp\htdocs\paulisexto\paginaceliypau\system\Database\BaseConnection.php(729): CodeIgniter\Database\MySQLi\Connection->execute('INSERT INTO `us...')
#2 C:\xampp\htdocs\paulisexto\paginaceliypau\system\Database\BaseConnection.php(646): CodeIgniter\Database\BaseConnection->simpleQuery('INSERT INTO `us...')
#3 C:\xampp\htdocs\paulisexto\paginaceliypau\system\Database\BaseBuilder.php(2345): CodeIgniter\Database\BaseConnection->query('INSERT INTO `us...', Array, false)
#4 C:\xampp\htdocs\paulisexto\paginaceliypau\system\Model.php(394): CodeIgniter\Database\BaseBuilder->insert()
#5 C:\xampp\htdocs\paulisexto\paginaceliypau\system\BaseModel.php(838): CodeIgniter\Model->doInsert(Array)
#6 C:\xampp\htdocs\paulisexto\paginaceliypau\system\Model.php(797): CodeIgniter\BaseModel->insert(Array, true)
#7 C:\xampp\htdocs\paulisexto\paginaceliypau\app\Controllers\usuario.php(16): CodeIgniter\Model->insert(Array)
#8 C:\xampp\htdocs\paulisexto\paginaceliypau\system\CodeIgniter.php(933): App\Controllers\usuario->registro()
#9 C:\xampp\htdocs\paulisexto\paginaceliypau\system\CodeIgniter.php(507): CodeIgniter\CodeIgniter->runController(Object(App\Controllers\usuario))
#10 C:\xampp\htdocs\paulisexto\paginaceliypau\system\CodeIgniter.php(354): CodeIgniter\CodeIgniter->handleRequest(NULL, Object(Config\Cache), false)
#11 C:\xampp\htdocs\paulisexto\paginaceliypau\system\Boot.php(363): CodeIgniter\CodeIgniter->run()
#12 C:\xampp\htdocs\paulisexto\paginaceliypau\system\Boot.php(68): CodeIgniter\Boot::runCodeIgniter(Object(CodeIgniter\CodeIgniter))
#13 C:\xampp\htdocs\paulisexto\paginaceliypau\public\index.php(59): CodeIgniter\Boot::bootWeb(Object(Config\Paths))
#14 {main}
ERROR - 2025-08-13 19:37:40 --> mysqli_sql_exception: Duplicate entry '0' for key 'PRIMARY' in C:\xampp\htdocs\paulisexto\paginaceliypau\system\Database\MySQLi\Connection.php:327
Stack trace:
#0 C:\xampp\htdocs\paulisexto\paginaceliypau\system\Database\MySQLi\Connection.php(327): mysqli->query('INSERT INTO `us...', 0)
#1 C:\xampp\htdocs\paulisexto\paginaceliypau\system\Database\BaseConnection.php(729): CodeIgniter\Database\MySQLi\Connection->execute('INSERT INTO `us...')
#2 C:\xampp\htdocs\paulisexto\paginaceliypau\system\Database\BaseConnection.php(646): CodeIgniter\Database\BaseConnection->simpleQuery('INSERT INTO `us...')
#3 C:\xampp\htdocs\paulisexto\paginaceliypau\system\Database\BaseBuilder.php(2345): CodeIgniter\Database\BaseConnection->query('INSERT INTO `us...', Array, false)
#4 C:\xampp\htdocs\paulisexto\paginaceliypau\system\Model.php(394): CodeIgniter\Database\BaseBuilder->insert()
#5 C:\xampp\htdocs\paulisexto\paginaceliypau\system\BaseModel.php(838): CodeIgniter\Model->doInsert(Array)
#6 C:\xampp\htdocs\paulisexto\paginaceliypau\system\Model.php(797): CodeIgniter\BaseModel->insert(Array, true)
#7 C:\xampp\htdocs\paulisexto\paginaceliypau\app\Controllers\usuario.php(16): CodeIgniter\Model->insert(Array)
#8 C:\xampp\htdocs\paulisexto\paginaceliypau\system\CodeIgniter.php(933): App\Controllers\usuario->registro()
#9 C:\xampp\htdocs\paulisexto\paginaceliypau\system\CodeIgniter.php(507): CodeIgniter\CodeIgniter->runController(Object(App\Controllers\usuario))
#10 C:\xampp\htdocs\paulisexto\paginaceliypau\system\CodeIgniter.php(354): CodeIgniter\CodeIgniter->handleRequest(NULL, Object(Config\Cache), false)
#11 C:\xampp\htdocs\paulisexto\paginaceliypau\system\Boot.php(363): CodeIgniter\CodeIgniter->run()
#12 C:\xampp\htdocs\paulisexto\paginaceliypau\system\Boot.php(68): CodeIgniter\Boot::runCodeIgniter(Object(CodeIgniter\CodeIgniter))
#13 C:\xampp\htdocs\paulisexto\paginaceliypau\public\index.php(59): CodeIgniter\Boot::bootWeb(Object(Config\Paths))
#14 {main}
ERROR - 2025-08-13 19:38:01 --> mysqli_sql_exception: Duplicate entry '0' for key 'PRIMARY' in C:\xampp\htdocs\paulisexto\paginaceliypau\system\Database\MySQLi\Connection.php:327
Stack trace:
#0 C:\xampp\htdocs\paulisexto\paginaceliypau\system\Database\MySQLi\Connection.php(327): mysqli->query('INSERT INTO `us...', 0)
#1 C:\xampp\htdocs\paulisexto\paginaceliypau\system\Database\BaseConnection.php(729): CodeIgniter\Database\MySQLi\Connection->execute('INSERT INTO `us...')
#2 C:\xampp\htdocs\paulisexto\paginaceliypau\system\Database\BaseConnection.php(646): CodeIgniter\Database\BaseConnection->simpleQuery('INSERT INTO `us...')
#3 C:\xampp\htdocs\paulisexto\paginaceliypau\system\Database\BaseBuilder.php(2345): CodeIgniter\Database\BaseConnection->query('INSERT INTO `us...', Array, false)
#4 C:\xampp\htdocs\paulisexto\paginaceliypau\system\Model.php(394): CodeIgniter\Database\BaseBuilder->insert()
#5 C:\xampp\htdocs\paulisexto\paginaceliypau\system\BaseModel.php(838): CodeIgniter\Model->doInsert(Array)
#6 C:\xampp\htdocs\paulisexto\paginaceliypau\system\Model.php(797): CodeIgniter\BaseModel->insert(Array, true)
#7 C:\xampp\htdocs\paulisexto\paginaceliypau\app\Controllers\usuario.php(16): CodeIgniter\Model->insert(Array)
#8 C:\xampp\htdocs\paulisexto\paginaceliypau\system\CodeIgniter.php(933): App\Controllers\usuario->registro()
#9 C:\xampp\htdocs\paulisexto\paginaceliypau\system\CodeIgniter.php(507): CodeIgniter\CodeIgniter->runController(Object(App\Controllers\usuario))
#10 C:\xampp\htdocs\paulisexto\paginaceliypau\system\CodeIgniter.php(354): CodeIgniter\CodeIgniter->handleRequest(NULL, Object(Config\Cache), false)
#11 C:\xampp\htdocs\paulisexto\paginaceliypau\system\Boot.php(363): CodeIgniter\CodeIgniter->run()
#12 C:\xampp\htdocs\paulisexto\paginaceliypau\system\Boot.php(68): CodeIgniter\Boot::runCodeIgniter(Object(CodeIgniter\CodeIgniter))
#13 C:\xampp\htdocs\paulisexto\paginaceliypau\public\index.php(59): CodeIgniter\Boot::bootWeb(Object(Config\Paths))
#14 {main}
ERROR - 2025-08-13 19:38:04 --> mysqli_sql_exception: Duplicate entry '0' for key 'PRIMARY' in C:\xampp\htdocs\paulisexto\paginaceliypau\system\Database\MySQLi\Connection.php:327
Stack trace:
#0 C:\xampp\htdocs\paulisexto\paginaceliypau\system\Database\MySQLi\Connection.php(327): mysqli->query('INSERT INTO `us...', 0)
#1 C:\xampp\htdocs\paulisexto\paginaceliypau\system\Database\BaseConnection.php(729): CodeIgniter\Database\MySQLi\Connection->execute('INSERT INTO `us...')
#2 C:\xampp\htdocs\paulisexto\paginaceliypau\system\Database\BaseConnection.php(646): CodeIgniter\Database\BaseConnection->simpleQuery('INSERT INTO `us...')
#3 C:\xampp\htdocs\paulisexto\paginaceliypau\system\Database\BaseBuilder.php(2345): CodeIgniter\Database\BaseConnection->query('INSERT INTO `us...', Array, false)
#4 C:\xampp\htdocs\paulisexto\paginaceliypau\system\Model.php(394): CodeIgniter\Database\BaseBuilder->insert()
#5 C:\xampp\htdocs\paulisexto\paginaceliypau\system\BaseModel.php(838): CodeIgniter\Model->doInsert(Array)
#6 C:\xampp\htdocs\paulisexto\paginaceliypau\system\Model.php(797): CodeIgniter\BaseModel->insert(Array, true)
#7 C:\xampp\htdocs\paulisexto\paginaceliypau\app\Controllers\usuario.php(16): CodeIgniter\Model->insert(Array)
#8 C:\xampp\htdocs\paulisexto\paginaceliypau\system\CodeIgniter.php(933): App\Controllers\usuario->registro()
#9 C:\xampp\htdocs\paulisexto\paginaceliypau\system\CodeIgniter.php(507): CodeIgniter\CodeIgniter->runController(Object(App\Controllers\usuario))
#10 C:\xampp\htdocs\paulisexto\paginaceliypau\system\CodeIgniter.php(354): CodeIgniter\CodeIgniter->handleRequest(NULL, Object(Config\Cache), false)
#11 C:\xampp\htdocs\paulisexto\paginaceliypau\system\Boot.php(363): CodeIgniter\CodeIgniter->run()
#12 C:\xampp\htdocs\paulisexto\paginaceliypau\system\Boot.php(68): CodeIgniter\Boot::runCodeIgniter(Object(CodeIgniter\CodeIgniter))
#13 C:\xampp\htdocs\paulisexto\paginaceliypau\public\index.php(59): CodeIgniter\Boot::bootWeb(Object(Config\Paths))
#14 {main}
ERROR - 2025-08-13 19:39:22 --> mysqli_sql_exception: Duplicate entry '0' for key 'PRIMARY' in C:\xampp\htdocs\paulisexto\paginaceliypau\system\Database\MySQLi\Connection.php:327
Stack trace:
#0 C:\xampp\htdocs\paulisexto\paginaceliypau\system\Database\MySQLi\Connection.php(327): mysqli->query('INSERT INTO `us...', 0)
#1 C:\xampp\htdocs\paulisexto\paginaceliypau\system\Database\BaseConnection.php(729): CodeIgniter\Database\MySQLi\Connection->execute('INSERT INTO `us...')
#2 C:\xampp\htdocs\paulisexto\paginaceliypau\system\Database\BaseConnection.php(646): CodeIgniter\Database\BaseConnection->simpleQuery('INSERT INTO `us...')
#3 C:\xampp\htdocs\paulisexto\paginaceliypau\system\Database\BaseBuilder.php(2345): CodeIgniter\Database\BaseConnection->query('INSERT INTO `us...', Array, false)
#4 C:\xampp\htdocs\paulisexto\paginaceliypau\system\Model.php(394): CodeIgniter\Database\BaseBuilder->insert()
#5 C:\xampp\htdocs\paulisexto\paginaceliypau\system\BaseModel.php(838): CodeIgniter\Model->doInsert(Array)
#6 C:\xampp\htdocs\paulisexto\paginaceliypau\system\Model.php(797): CodeIgniter\BaseModel->insert(Array, true)
#7 C:\xampp\htdocs\paulisexto\paginaceliypau\app\Controllers\usuario.php(16): CodeIgniter\Model->insert(Array)
#8 C:\xampp\htdocs\paulisexto\paginaceliypau\system\CodeIgniter.php(933): App\Controllers\usuario->registro()
#9 C:\xampp\htdocs\paulisexto\paginaceliypau\system\CodeIgniter.php(507): CodeIgniter\CodeIgniter->runController(Object(App\Controllers\usuario))
#10 C:\xampp\htdocs\paulisexto\paginaceliypau\system\CodeIgniter.php(354): CodeIgniter\CodeIgniter->handleRequest(NULL, Object(Config\Cache), false)
#11 C:\xampp\htdocs\paulisexto\paginaceliypau\system\Boot.php(363): CodeIgniter\CodeIgniter->run()
#12 C:\xampp\htdocs\paulisexto\paginaceliypau\system\Boot.php(68): CodeIgniter\Boot::runCodeIgniter(Object(CodeIgniter\CodeIgniter))
#13 C:\xampp\htdocs\paulisexto\paginaceliypau\public\index.php(59): CodeIgniter\Boot::bootWeb(Object(Config\Paths))
#14 {main}
ERROR - 2025-08-13 19:39:30 --> mysqli_sql_exception: Duplicate entry '0' for key 'PRIMARY' in C:\xampp\htdocs\paulisexto\paginaceliypau\system\Database\MySQLi\Connection.php:327
Stack trace:
#0 C:\xampp\htdocs\paulisexto\paginaceliypau\system\Database\MySQLi\Connection.php(327): mysqli->query('INSERT INTO `us...', 0)
#1 C:\xampp\htdocs\paulisexto\paginaceliypau\system\Database\BaseConnection.php(729): CodeIgniter\Database\MySQLi\Connection->execute('INSERT INTO `us...')
#2 C:\xampp\htdocs\paulisexto\paginaceliypau\system\Database\BaseConnection.php(646): CodeIgniter\Database\BaseConnection->simpleQuery('INSERT INTO `us...')
#3 C:\xampp\htdocs\paulisexto\paginaceliypau\system\Database\BaseBuilder.php(2345): CodeIgniter\Database\BaseConnection->query('INSERT INTO `us...', Array, false)
#4 C:\xampp\htdocs\paulisexto\paginaceliypau\system\Model.php(394): CodeIgniter\Database\BaseBuilder->insert()
#5 C:\xampp\htdocs\paulisexto\paginaceliypau\system\BaseModel.php(838): CodeIgniter\Model->doInsert(Array)
#6 C:\xampp\htdocs\paulisexto\paginaceliypau\system\Model.php(797): CodeIgniter\BaseModel->insert(Array, true)
#7 C:\xampp\htdocs\paulisexto\paginaceliypau\app\Controllers\usuario.php(16): CodeIgniter\Model->insert(Array)
#8 C:\xampp\htdocs\paulisexto\paginaceliypau\system\CodeIgniter.php(933): App\Controllers\usuario->registro()
#9 C:\xampp\htdocs\paulisexto\paginaceliypau\system\CodeIgniter.php(507): CodeIgniter\CodeIgniter->runController(Object(App\Controllers\usuario))
#10 C:\xampp\htdocs\paulisexto\paginaceliypau\system\CodeIgniter.php(354): CodeIgniter\CodeIgniter->handleRequest(NULL, Object(Config\Cache), false)
#11 C:\xampp\htdocs\paulisexto\paginaceliypau\system\Boot.php(363): CodeIgniter\CodeIgniter->run()
#12 C:\xampp\htdocs\paulisexto\paginaceliypau\system\Boot.php(68): CodeIgniter\Boot::runCodeIgniter(Object(CodeIgniter\CodeIgniter))
#13 C:\xampp\htdocs\paulisexto\paginaceliypau\public\index.php(59): CodeIgniter\Boot::bootWeb(Object(Config\Paths))
#14 {main}
ERROR - 2025-08-13 19:40:36 --> mysqli_sql_exception: Duplicate entry '0' for key 'PRIMARY' in C:\xampp\htdocs\paulisexto\paginaceliypau\system\Database\MySQLi\Connection.php:327
Stack trace:
#0 C:\xampp\htdocs\paulisexto\paginaceliypau\system\Database\MySQLi\Connection.php(327): mysqli->query('INSERT INTO `us...', 0)
#1 C:\xampp\htdocs\paulisexto\paginaceliypau\system\Database\BaseConnection.php(729): CodeIgniter\Database\MySQLi\Connection->execute('INSERT INTO `us...')
#2 C:\xampp\htdocs\paulisexto\paginaceliypau\system\Database\BaseConnection.php(646): CodeIgniter\Database\BaseConnection->simpleQuery('INSERT INTO `us...')
#3 C:\xampp\htdocs\paulisexto\paginaceliypau\system\Database\BaseBuilder.php(2345): CodeIgniter\Database\BaseConnection->query('INSERT INTO `us...', Array, false)
#4 C:\xampp\htdocs\paulisexto\paginaceliypau\system\Model.php(394): CodeIgniter\Database\BaseBuilder->insert()
#5 C:\xampp\htdocs\paulisexto\paginaceliypau\system\BaseModel.php(838): CodeIgniter\Model->doInsert(Array)
#6 C:\xampp\htdocs\paulisexto\paginaceliypau\system\Model.php(797): CodeIgniter\BaseModel->insert(Array, true)
#7 C:\xampp\htdocs\paulisexto\paginaceliypau\app\Controllers\usuario.php(16): CodeIgniter\Model->insert(Array)
#8 C:\xampp\htdocs\paulisexto\paginaceliypau\system\CodeIgniter.php(933): App\Controllers\usuario->registro()
#9 C:\xampp\htdocs\paulisexto\paginaceliypau\system\CodeIgniter.php(507): CodeIgniter\CodeIgniter->runController(Object(App\Controllers\usuario))
#10 C:\xampp\htdocs\paulisexto\paginaceliypau\system\CodeIgniter.php(354): CodeIgniter\CodeIgniter->handleRequest(NULL, Object(Config\Cache), false)
#11 C:\xampp\htdocs\paulisexto\paginaceliypau\system\Boot.php(363): CodeIgniter\CodeIgniter->run()
#12 C:\xampp\htdocs\paulisexto\paginaceliypau\system\Boot.php(68): CodeIgniter\Boot::runCodeIgniter(Object(CodeIgniter\CodeIgniter))
#13 C:\xampp\htdocs\paulisexto\paginaceliypau\public\index.php(59): CodeIgniter\Boot::bootWeb(Object(Config\Paths))
#14 {main}
ERROR - 2025-08-13 19:40:50 --> mysqli_sql_exception: Duplicate entry '0' for key 'PRIMARY' in C:\xampp\htdocs\paulisexto\paginaceliypau\system\Database\MySQLi\Connection.php:327
Stack trace:
#0 C:\xampp\htdocs\paulisexto\paginaceliypau\system\Database\MySQLi\Connection.php(327): mysqli->query('INSERT INTO `us...', 0)
#1 C:\xampp\htdocs\paulisexto\paginaceliypau\system\Database\BaseConnection.php(729): CodeIgniter\Database\MySQLi\Connection->execute('INSERT INTO `us...')
#2 C:\xampp\htdocs\paulisexto\paginaceliypau\system\Database\BaseConnection.php(646): CodeIgniter\Database\BaseConnection->simpleQuery('INSERT INTO `us...')
#3 C:\xampp\htdocs\paulisexto\paginaceliypau\system\Database\BaseBuilder.php(2345): CodeIgniter\Database\BaseConnection->query('INSERT INTO `us...', Array, false)
#4 C:\xampp\htdocs\paulisexto\paginaceliypau\system\Model.php(394): CodeIgniter\Database\BaseBuilder->insert()
#5 C:\xampp\htdocs\paulisexto\paginaceliypau\system\BaseModel.php(838): CodeIgniter\Model->doInsert(Array)
#6 C:\xampp\htdocs\paulisexto\paginaceliypau\system\Model.php(797): CodeIgniter\BaseModel->insert(Array, true)
#7 C:\xampp\htdocs\paulisexto\paginaceliypau\app\Controllers\usuario.php(16): CodeIgniter\Model->insert(Array)
#8 C:\xampp\htdocs\paulisexto\paginaceliypau\system\CodeIgniter.php(933): App\Controllers\usuario->registro()
#9 C:\xampp\htdocs\paulisexto\paginaceliypau\system\CodeIgniter.php(507): CodeIgniter\CodeIgniter->runController(Object(App\Controllers\usuario))
#10 C:\xampp\htdocs\paulisexto\paginaceliypau\system\CodeIgniter.php(354): CodeIgniter\CodeIgniter->handleRequest(NULL, Object(Config\Cache), false)
#11 C:\xampp\htdocs\paulisexto\paginaceliypau\system\Boot.php(363): CodeIgniter\CodeIgniter->run()
#12 C:\xampp\htdocs\paulisexto\paginaceliypau\system\Boot.php(68): CodeIgniter\Boot::runCodeIgniter(Object(CodeIgniter\CodeIgniter))
#13 C:\xampp\htdocs\paulisexto\paginaceliypau\public\index.php(59): CodeIgniter\Boot::bootWeb(Object(Config\Paths))
#14 {main}
